{"/home/travis/build/npmtest/node-npmtest-eslint-plugin-react/test.js":{"path":"/home/travis/build/npmtest/node-npmtest-eslint-plugin-react/test.js","s":{"1":2,"2":2,"3":2,"4":2,"5":2,"6":2,"7":2,"8":1,"9":2,"10":2,"11":1,"12":1,"13":1,"14":1,"15":2,"16":2,"17":2,"18":2,"19":1,"20":1,"21":2,"22":2,"23":2,"24":1,"25":1,"26":1,"27":1,"28":1,"29":1,"30":1,"31":1,"32":1,"33":1,"34":1,"35":1,"36":2,"37":2,"38":1,"39":2,"40":2,"41":1,"42":2,"43":2,"44":1,"45":1,"46":1,"47":1,"48":1},"b":{"1":[2,1,1,1],"2":[1,1,1,1],"3":[1,1],"4":[1,1],"5":[1,1],"6":[1,1],"7":[1,1],"8":[1,1],"9":[1,1,1],"10":[1,1],"11":[1,1],"12":[1,1],"13":[1,1],"14":[1,1],"15":[1,1]},"f":{"1":2,"2":2,"3":2,"4":2,"5":2,"6":1,"7":1,"8":2,"9":2,"10":2,"11":1},"fnMap":{"1":{"name":"(anonymous_1)","line":12,"loc":{"start":{"line":12,"column":1},"end":{"line":12,"column":13}}},"2":{"name":"(anonymous_2)","line":19,"loc":{"start":{"line":19,"column":5},"end":{"line":19,"column":17}}},"3":{"name":"(anonymous_3)","line":23,"loc":{"start":{"line":23,"column":24},"end":{"line":23,"column":36}}},"4":{"name":"(anonymous_4)","line":61,"loc":{"start":{"line":61,"column":5},"end":{"line":61,"column":17}}},"5":{"name":"(anonymous_5)","line":82,"loc":{"start":{"line":82,"column":5},"end":{"line":82,"column":17}}},"6":{"name":"(anonymous_6)","line":102,"loc":{"start":{"line":102,"column":83},"end":{"line":105,"column":10}},"skip":true},"7":{"name":"(anonymous_7)","line":113,"loc":{"start":{"line":113,"column":77},"end":{"line":116,"column":10}},"skip":true},"8":{"name":"(anonymous_8)","line":127,"loc":{"start":{"line":127,"column":77},"end":{"line":130,"column":10}},"skip":true},"9":{"name":"(anonymous_9)","line":138,"loc":{"start":{"line":138,"column":83},"end":{"line":141,"column":10}},"skip":true},"10":{"name":"(anonymous_10)","line":149,"loc":{"start":{"line":149,"column":79},"end":{"line":152,"column":10}},"skip":true},"11":{"name":"(anonymous_11)","line":160,"loc":{"start":{"line":160,"column":75},"end":{"line":163,"column":10}},"skip":true}},"statementMap":{"1":{"start":{"line":12,"column":0},"end":{"line":175,"column":5}},"2":{"start":{"line":14,"column":4},"end":{"line":14,"column":14}},"3":{"start":{"line":19,"column":4},"end":{"line":56,"column":9}},"4":{"start":{"line":21,"column":8},"end":{"line":21,"column":19}},"5":{"start":{"line":23,"column":8},"end":{"line":35,"column":13}},"6":{"start":{"line":24,"column":12},"end":{"line":34,"column":13}},"7":{"start":{"line":25,"column":16},"end":{"line":28,"column":30}},"8":{"start":{"line":30,"column":16},"end":{"line":33,"column":27}},"9":{"start":{"line":37,"column":8},"end":{"line":39,"column":21}},"10":{"start":{"line":40,"column":8},"end":{"line":53,"column":9}},"11":{"start":{"line":43,"column":12},"end":{"line":46,"column":14}},"12":{"start":{"line":47,"column":12},"end":{"line":47,"column":18}},"13":{"start":{"line":50,"column":12},"end":{"line":51,"column":46}},"14":{"start":{"line":52,"column":12},"end":{"line":52,"column":18}},"15":{"start":{"line":55,"column":8},"end":{"line":55,"column":35}},"16":{"start":{"line":61,"column":4},"end":{"line":63,"column":9}},"17":{"start":{"line":62,"column":8},"end":{"line":62,"column":15}},"18":{"start":{"line":64,"column":4},"end":{"line":77,"column":5}},"19":{"start":{"line":70,"column":8},"end":{"line":70,"column":14}},"20":{"start":{"line":76,"column":8},"end":{"line":76,"column":14}},"21":{"start":{"line":82,"column":4},"end":{"line":84,"column":9}},"22":{"start":{"line":83,"column":8},"end":{"line":83,"column":15}},"23":{"start":{"line":85,"column":4},"end":{"line":174,"column":5}},"24":{"start":{"line":92,"column":8},"end":{"line":94,"column":63}},"25":{"start":{"line":95,"column":8},"end":{"line":95,"column":14}},"26":{"start":{"line":102,"column":8},"end":{"line":111,"column":10},"skip":true},"27":{"start":{"line":109,"column":12},"end":{"line":109,"column":55},"skip":true},"28":{"start":{"line":110,"column":12},"end":{"line":110,"column":48},"skip":true},"29":{"start":{"line":113,"column":8},"end":{"line":125,"column":10},"skip":true},"30":{"start":{"line":120,"column":12},"end":{"line":120,"column":76},"skip":true},"31":{"start":{"line":121,"column":12},"end":{"line":121,"column":73},"skip":true},"32":{"start":{"line":122,"column":12},"end":{"line":122,"column":74},"skip":true},"33":{"start":{"line":123,"column":12},"end":{"line":123,"column":25},"skip":true},"34":{"start":{"line":124,"column":12},"end":{"line":124,"column":45},"skip":true},"35":{"start":{"line":127,"column":8},"end":{"line":136,"column":10},"skip":true},"36":{"start":{"line":134,"column":12},"end":{"line":134,"column":25},"skip":true},"37":{"start":{"line":135,"column":12},"end":{"line":135,"column":45},"skip":true},"38":{"start":{"line":138,"column":8},"end":{"line":147,"column":10},"skip":true},"39":{"start":{"line":145,"column":12},"end":{"line":145,"column":25},"skip":true},"40":{"start":{"line":146,"column":12},"end":{"line":146,"column":48},"skip":true},"41":{"start":{"line":149,"column":8},"end":{"line":158,"column":10},"skip":true},"42":{"start":{"line":156,"column":12},"end":{"line":156,"column":25},"skip":true},"43":{"start":{"line":157,"column":12},"end":{"line":157,"column":46},"skip":true},"44":{"start":{"line":160,"column":8},"end":{"line":169,"column":10},"skip":true},"45":{"start":{"line":167,"column":12},"end":{"line":167,"column":94},"skip":true},"46":{"start":{"line":168,"column":12},"end":{"line":168,"column":48},"skip":true},"47":{"start":{"line":172,"column":8},"end":{"line":172,"column":35},"skip":true},"48":{"start":{"line":173,"column":8},"end":{"line":173,"column":14},"skip":true}},"branchMap":{"1":{"line":25,"type":"binary-expr","locations":[{"start":{"line":25,"column":23},"end":{"line":25,"column":62}},{"start":{"line":26,"column":20},"end":{"line":26,"column":70}},{"start":{"line":27,"column":20},"end":{"line":27,"column":71}},{"start":{"line":28,"column":20},"end":{"line":28,"column":29}}]},"2":{"line":30,"type":"binary-expr","locations":[{"start":{"line":30,"column":23},"end":{"line":30,"column":37}},{"start":{"line":31,"column":20},"end":{"line":31,"column":61}},{"start":{"line":32,"column":20},"end":{"line":32,"column":70}},{"start":{"line":33,"column":20},"end":{"line":33,"column":26}}]},"3":{"line":37,"type":"cond-expr","locations":[{"start":{"line":38,"column":14},"end":{"line":38,"column":20}},{"start":{"line":39,"column":14},"end":{"line":39,"column":20}}]},"4":{"line":40,"type":"switch","locations":[{"start":{"line":42,"column":8},"end":{"line":47,"column":18}},{"start":{"line":49,"column":8},"end":{"line":52,"column":18}}]},"5":{"line":44,"type":"binary-expr","locations":[{"start":{"line":44,"column":16},"end":{"line":44,"column":44}},{"start":{"line":44,"column":48},"end":{"line":44,"column":66}}]},"6":{"line":50,"type":"binary-expr","locations":[{"start":{"line":50,"column":21},"end":{"line":50,"column":49}},{"start":{"line":50,"column":53},"end":{"line":50,"column":72}}]},"7":{"line":64,"type":"switch","locations":[{"start":{"line":69,"column":4},"end":{"line":70,"column":14}},{"start":{"line":75,"column":4},"end":{"line":76,"column":14}}]},"8":{"line":85,"type":"switch","locations":[{"start":{"line":90,"column":4},"end":{"line":95,"column":14}},{"start":{"line":101,"column":4},"end":{"line":173,"column":14},"skip":true}]},"9":{"line":92,"type":"binary-expr","locations":[{"start":{"line":92,"column":18},"end":{"line":92,"column":32}},{"start":{"line":93,"column":12},"end":{"line":93,"column":53}},{"start":{"line":94,"column":12},"end":{"line":94,"column":61}}]},"10":{"line":102,"type":"binary-expr","locations":[{"start":{"line":102,"column":45},"end":{"line":102,"column":79},"skip":true},{"start":{"line":102,"column":83},"end":{"line":111,"column":9},"skip":true}]},"11":{"line":113,"type":"binary-expr","locations":[{"start":{"line":113,"column":42},"end":{"line":113,"column":73},"skip":true},{"start":{"line":113,"column":77},"end":{"line":125,"column":9},"skip":true}]},"12":{"line":127,"type":"binary-expr","locations":[{"start":{"line":127,"column":42},"end":{"line":127,"column":73},"skip":true},{"start":{"line":127,"column":77},"end":{"line":136,"column":9},"skip":true}]},"13":{"line":138,"type":"binary-expr","locations":[{"start":{"line":138,"column":45},"end":{"line":138,"column":79},"skip":true},{"start":{"line":138,"column":83},"end":{"line":147,"column":9},"skip":true}]},"14":{"line":149,"type":"binary-expr","locations":[{"start":{"line":149,"column":43},"end":{"line":149,"column":75},"skip":true},{"start":{"line":149,"column":79},"end":{"line":158,"column":9},"skip":true}]},"15":{"line":160,"type":"binary-expr","locations":[{"start":{"line":160,"column":41},"end":{"line":160,"column":71},"skip":true},{"start":{"line":160,"column":75},"end":{"line":169,"column":9},"skip":true}]}},"code":["/* istanbul instrument in package npmtest_eslint_plugin_react */","/*jslint","    bitwise: true,","    browser: true,","    maxerr: 8,","    maxlen: 96,","    node: true,","    nomen: true,","    regexp: true,","    stupid: true","*/","(function () {","    'use strict';","    var local;","","","","    // run shared js-env code - pre-init","    (function () {","        // init local","        local = {};","        // init modeJs","        local.modeJs = (function () {","            try {","                return typeof navigator.userAgent === 'string' &&","                    typeof document.querySelector('body') === 'object' &&","                    typeof XMLHttpRequest.prototype.open === 'function' &&","                    'browser';","            } catch (errorCaughtBrowser) {","                return module.exports &&","                    typeof process.versions.node === 'string' &&","                    typeof require('http').createServer === 'function' &&","                    'node';","            }","        }());","        // init global","        local.global = local.modeJs === 'browser'","            ? window","            : global;","        switch (local.modeJs) {","        // re-init local from window.local","        case 'browser':","            local = local.global.utility2.objectSetDefault(","                local.global.utility2_rollup || local.global.local,","                local.global.utility2","            );","            break;","        // re-init local from example.js","        case 'node':","            local = (local.global.utility2_rollup || require('utility2'))","                .requireExampleJsFromReadme();","            break;","        }","        // export local","        local.global.local = local;","    }());","","","","    // run shared js-env code - function","    (function () {","        return;","    }());","    switch (local.modeJs) {","","","","    // run browser js-env code - function","    case 'browser':","        break;","","","","    // run node js-env code - function","    case 'node':","        break;","    }","","","","    // run shared js-env code - post-init","    (function () {","        return;","    }());","    switch (local.modeJs) {","","","","    // run browser js-env code - post-init","    case 'browser':","        // run tests","        local.nop(local.modeTest &&","            document.querySelector('#testRunButton1') &&","            document.querySelector('#testRunButton1').click());","        break;","","","","    // run node js-env code - post-init","    /* istanbul ignore next */","    case 'node':","        local.testCase_buildApidoc_default = local.testCase_buildApidoc_default || function (","            options,","            onError","        ) {","        /*","         * this function will test buildApidoc's default handling-behavior-behavior","         */","            options = { modulePathList: module.paths };","            local.buildApidoc(options, onError);","        };","","        local.testCase_buildApp_default = local.testCase_buildApp_default || function (","            options,","            onError","        ) {","        /*","         * this function will test buildApp's default handling-behavior-behavior","         */","            local.testCase_buildReadme_default(options, local.onErrorThrow);","            local.testCase_buildLib_default(options, local.onErrorThrow);","            local.testCase_buildTest_default(options, local.onErrorThrow);","            options = [];","            local.buildApp(options, onError);","        };","","        local.testCase_buildLib_default = local.testCase_buildLib_default || function (","            options,","            onError","        ) {","        /*","         * this function will test buildLib's default handling-behavior","         */","            options = {};","            local.buildLib(options, onError);","        };","","        local.testCase_buildReadme_default = local.testCase_buildReadme_default || function (","            options,","            onError","        ) {","        /*","         * this function will test buildReadme's default handling-behavior-behavior","         */","            options = {};","            local.buildReadme(options, onError);","        };","","        local.testCase_buildTest_default = local.testCase_buildTest_default || function (","            options,","            onError","        ) {","        /*","         * this function will test buildTest's default handling-behavior","         */","            options = {};","            local.buildTest(options, onError);","        };","","        local.testCase_webpage_default = local.testCase_webpage_default || function (","            options,","            onError","        ) {","        /*","         * this function will test webpage's default handling-behavior","         */","            options = { modeCoverageMerge: true, url: local.serverLocalHost + '?modeTest=1' };","            local.browserTest(options, onError);","        };","","        // run test-server","        local.testRunServer(local);","        break;","    }","}());",""],"l":{"12":2,"14":2,"19":2,"21":2,"23":2,"24":2,"25":2,"30":1,"37":2,"40":2,"43":1,"47":1,"50":1,"52":1,"55":2,"61":2,"62":2,"64":2,"70":1,"76":1,"82":2,"83":2,"85":2,"92":1,"95":1,"102":1,"109":1,"110":1,"113":1,"120":1,"121":1,"122":1,"123":1,"124":1,"127":1,"134":2,"135":2,"138":1,"145":2,"146":2,"149":1,"156":2,"157":2,"160":1,"167":1,"168":1,"172":1,"173":1}},"/home/travis/build/npmtest/node-npmtest-eslint-plugin-react/lib.npmtest_eslint_plugin_react.js":{"path":"/home/travis/build/npmtest/node-npmtest-eslint-plugin-react/lib.npmtest_eslint_plugin_react.js","s":{"1":2,"2":2,"3":2,"4":2,"5":2,"6":2,"7":2,"8":1,"9":2,"10":2,"11":2,"12":2,"13":1,"14":1,"15":1,"16":1},"b":{"1":[2,1,1,1],"2":[1,1,1,1],"3":[1,1],"4":[2,2],"5":[1,1]},"f":{"1":2,"2":2,"3":2},"fnMap":{"1":{"name":"(anonymous_1)","line":12,"loc":{"start":{"line":12,"column":1},"end":{"line":12,"column":13}}},"2":{"name":"(anonymous_2)","line":19,"loc":{"start":{"line":19,"column":5},"end":{"line":19,"column":17}}},"3":{"name":"(anonymous_3)","line":23,"loc":{"start":{"line":23,"column":24},"end":{"line":23,"column":36}}}},"statementMap":{"1":{"start":{"line":12,"column":0},"end":{"line":53,"column":5}},"2":{"start":{"line":14,"column":4},"end":{"line":14,"column":14}},"3":{"start":{"line":19,"column":4},"end":{"line":52,"column":9}},"4":{"start":{"line":21,"column":8},"end":{"line":21,"column":19}},"5":{"start":{"line":23,"column":8},"end":{"line":35,"column":13}},"6":{"start":{"line":24,"column":12},"end":{"line":34,"column":13}},"7":{"start":{"line":25,"column":16},"end":{"line":28,"column":30}},"8":{"start":{"line":30,"column":16},"end":{"line":33,"column":27}},"9":{"start":{"line":37,"column":8},"end":{"line":39,"column":21}},"10":{"start":{"line":41,"column":8},"end":{"line":41,"column":54}},"11":{"start":{"line":43,"column":8},"end":{"line":43,"column":64}},"12":{"start":{"line":45,"column":8},"end":{"line":51,"column":9}},"13":{"start":{"line":46,"column":12},"end":{"line":46,"column":70}},"14":{"start":{"line":48,"column":12},"end":{"line":48,"column":35}},"15":{"start":{"line":49,"column":12},"end":{"line":49,"column":49}},"16":{"start":{"line":50,"column":12},"end":{"line":50,"column":43}}},"branchMap":{"1":{"line":25,"type":"binary-expr","locations":[{"start":{"line":25,"column":23},"end":{"line":25,"column":62}},{"start":{"line":26,"column":20},"end":{"line":26,"column":70}},{"start":{"line":27,"column":20},"end":{"line":27,"column":71}},{"start":{"line":28,"column":20},"end":{"line":28,"column":29}}]},"2":{"line":30,"type":"binary-expr","locations":[{"start":{"line":30,"column":23},"end":{"line":30,"column":37}},{"start":{"line":31,"column":20},"end":{"line":31,"column":61}},{"start":{"line":32,"column":20},"end":{"line":32,"column":70}},{"start":{"line":33,"column":20},"end":{"line":33,"column":26}}]},"3":{"line":37,"type":"cond-expr","locations":[{"start":{"line":38,"column":14},"end":{"line":38,"column":20}},{"start":{"line":39,"column":14},"end":{"line":39,"column":20}}]},"4":{"line":41,"type":"binary-expr","locations":[{"start":{"line":41,"column":16},"end":{"line":41,"column":44}},{"start":{"line":41,"column":48},"end":{"line":41,"column":53}}]},"5":{"line":45,"type":"if","locations":[{"start":{"line":45,"column":8},"end":{"line":45,"column":8}},{"start":{"line":45,"column":8},"end":{"line":45,"column":8}}]}},"code":["/* istanbul instrument in package npmtest_eslint_plugin_react */","/*jslint","    bitwise: true,","    browser: true,","    maxerr: 8,","    maxlen: 96,","    node: true,","    nomen: true,","    regexp: true,","    stupid: true","*/","(function () {","    'use strict';","    var local;","","","","    // run shared js-env code - pre-init","    (function () {","        // init local","        local = {};","        // init modeJs","        local.modeJs = (function () {","            try {","                return typeof navigator.userAgent === 'string' &&","                    typeof document.querySelector('body') === 'object' &&","                    typeof XMLHttpRequest.prototype.open === 'function' &&","                    'browser';","            } catch (errorCaughtBrowser) {","                return module.exports &&","                    typeof process.versions.node === 'string' &&","                    typeof require('http').createServer === 'function' &&","                    'node';","            }","        }());","        // init global","        local.global = local.modeJs === 'browser'","            ? window","            : global;","        // init utility2_rollup","        local = local.global.utility2_rollup || local;","        // init lib","        local.local = local.npmtest_eslint_plugin_react = local;","        // init exports","        if (local.modeJs === 'browser') {","            local.global.utility2_npmtest_eslint_plugin_react = local;","        } else {","            module.exports = local;","            module.exports.__dirname = __dirname;","            module.exports.module = module;","        }","    }());","}());",""],"l":{"12":2,"14":2,"19":2,"21":2,"23":2,"24":2,"25":2,"30":1,"37":2,"41":2,"43":2,"45":2,"46":1,"48":1,"49":1,"50":1}},"/home/travis/build/npmtest/node-npmtest-eslint-plugin-react/example.js":{"path":"/home/travis/build/npmtest/node-npmtest-eslint-plugin-react/example.js","s":{"1":2,"2":2,"3":2,"4":2,"5":2,"6":2,"7":2,"8":1,"9":2,"10":2,"11":2,"12":2,"13":1,"14":2,"15":2,"16":2,"17":2,"18":2,"19":0,"20":2,"21":1,"22":1,"23":1,"24":1,"25":1,"26":0,"27":0,"28":1,"29":1,"30":2,"31":0,"32":0,"33":0,"34":1,"35":2,"36":2,"37":2,"38":2,"39":2,"40":2,"41":0,"42":2,"43":2,"44":2,"45":1,"46":3,"47":1,"48":1,"49":1,"50":1,"51":1,"52":1,"53":1,"54":1,"55":1,"56":1,"57":0,"58":1,"59":6,"60":6,"61":1,"62":2,"63":0,"64":2,"65":1,"66":1,"67":0,"68":0,"69":0,"70":0,"71":0,"72":0,"73":0,"74":0,"75":0,"76":0,"77":0,"78":0,"79":0,"80":0,"81":0,"82":0,"83":0},"b":{"1":[2,1,1,1],"2":[1,1,1,1],"3":[1,1],"4":[2,2],"5":[1,1],"6":[1,1],"7":[2,0],"8":[2,1,1,1,1,1],"9":[0,2,0],"10":[1,1],"11":[2,1,1],"12":[1,0],"13":[0,2],"14":[2,0,0,0,0,0,0],"15":[0,2],"16":[2,0],"17":[1,1],"18":[0,1],"19":[1,2,0,2],"20":[1,0],"21":[1,1],"22":[0,0],"23":[0,0],"24":[0,0],"25":[0,0],"26":[0,0],"27":[0,0],"28":[0,0]},"f":{"1":2,"2":2,"3":2,"4":2,"5":2,"6":2,"7":2,"8":2,"9":3,"10":1,"11":6,"12":0},"fnMap":{"1":{"name":"(anonymous_1)","line":26,"loc":{"start":{"line":26,"column":1},"end":{"line":26,"column":13}}},"2":{"name":"(anonymous_2)","line":33,"loc":{"start":{"line":33,"column":5},"end":{"line":33,"column":17}}},"3":{"name":"(anonymous_3)","line":37,"loc":{"start":{"line":37,"column":24},"end":{"line":37,"column":36}}},"4":{"name":"(anonymous_4)","line":69,"loc":{"start":{"line":69,"column":31},"end":{"line":69,"column":48}},"skip":true},"5":{"name":"(anonymous_5)","line":78,"loc":{"start":{"line":78,"column":26},"end":{"line":78,"column":45}},"skip":true},"6":{"name":"(anonymous_6)","line":123,"loc":{"start":{"line":123,"column":33},"end":{"line":123,"column":48}},"skip":true},"7":{"name":"(anonymous_7)","line":125,"loc":{"start":{"line":125,"column":27},"end":{"line":125,"column":39}},"skip":true},"8":{"name":"(anonymous_8)","line":133,"loc":{"start":{"line":133,"column":59},"end":{"line":133,"column":74}},"skip":true},"9":{"name":"(anonymous_9)","line":143,"loc":{"start":{"line":143,"column":45},"end":{"line":143,"column":62}},"skip":true},"10":{"name":"(anonymous_10)","line":144,"loc":{"start":{"line":144,"column":73},"end":{"line":144,"column":92}},"skip":true},"11":{"name":"(anonymous_11)","line":272,"loc":{"start":{"line":272,"column":51},"end":{"line":272,"column":77}},"skip":true},"12":{"name":"(anonymous_12)","line":314,"loc":{"start":{"line":314,"column":32},"end":{"line":314,"column":61}},"skip":true}},"statementMap":{"1":{"start":{"line":26,"column":0},"end":{"line":325,"column":5}},"2":{"start":{"line":28,"column":4},"end":{"line":28,"column":14}},"3":{"start":{"line":33,"column":4},"end":{"line":60,"column":9}},"4":{"start":{"line":35,"column":8},"end":{"line":35,"column":19}},"5":{"start":{"line":37,"column":8},"end":{"line":49,"column":13}},"6":{"start":{"line":38,"column":12},"end":{"line":48,"column":13}},"7":{"start":{"line":39,"column":16},"end":{"line":42,"column":30}},"8":{"start":{"line":44,"column":16},"end":{"line":47,"column":27}},"9":{"start":{"line":51,"column":8},"end":{"line":53,"column":21}},"10":{"start":{"line":55,"column":8},"end":{"line":57,"column":45}},"11":{"start":{"line":59,"column":8},"end":{"line":59,"column":35}},"12":{"start":{"line":61,"column":4},"end":{"line":324,"column":5}},"13":{"start":{"line":69,"column":8},"end":{"line":121,"column":10},"skip":true},"14":{"start":{"line":70,"column":12},"end":{"line":88,"column":13},"skip":true},"15":{"start":{"line":76,"column":16},"end":{"line":87,"column":19},"skip":true},"16":{"start":{"line":79,"column":20},"end":{"line":86,"column":21},"skip":true},"17":{"start":{"line":82,"column":24},"end":{"line":82,"column":43},"skip":true},"18":{"start":{"line":83,"column":24},"end":{"line":83,"column":30},"skip":true},"19":{"start":{"line":85,"column":24},"end":{"line":85,"column":49},"skip":true},"20":{"start":{"line":89,"column":12},"end":{"line":107,"column":13},"skip":true},"21":{"start":{"line":92,"column":16},"end":{"line":102,"column":17},"skip":true},"22":{"start":{"line":93,"column":20},"end":{"line":93,"column":86},"skip":true},"23":{"start":{"line":94,"column":20},"end":{"line":95,"column":45},"skip":true},"24":{"start":{"line":96,"column":20},"end":{"line":96,"column":42},"skip":true},"25":{"start":{"line":97,"column":20},"end":{"line":97,"column":48},"skip":true},"26":{"start":{"line":100,"column":20},"end":{"line":100,"column":85},"skip":true},"27":{"start":{"line":101,"column":20},"end":{"line":101,"column":96},"skip":true},"28":{"start":{"line":103,"column":16},"end":{"line":103,"column":22},"skip":true},"29":{"start":{"line":106,"column":16},"end":{"line":106,"column":22},"skip":true},"30":{"start":{"line":108,"column":12},"end":{"line":120,"column":13},"skip":true},"31":{"start":{"line":114,"column":16},"end":{"line":119,"column":17},"skip":true},"32":{"start":{"line":116,"column":20},"end":{"line":116,"column":78},"skip":true},"33":{"start":{"line":118,"column":20},"end":{"line":118,"column":53},"skip":true},"34":{"start":{"line":123,"column":8},"end":{"line":141,"column":11},"skip":true},"35":{"start":{"line":124,"column":12},"end":{"line":124,"column":54},"skip":true},"36":{"start":{"line":125,"column":12},"end":{"line":140,"column":14},"skip":true},"37":{"start":{"line":126,"column":16},"end":{"line":126,"column":28},"skip":true},"38":{"start":{"line":127,"column":16},"end":{"line":127,"column":69},"skip":true},"39":{"start":{"line":128,"column":16},"end":{"line":128,"column":75},"skip":true},"40":{"start":{"line":129,"column":16},"end":{"line":131,"column":17},"skip":true},"41":{"start":{"line":130,"column":20},"end":{"line":130,"column":27},"skip":true},"42":{"start":{"line":133,"column":16},"end":{"line":137,"column":36},"skip":true},"43":{"start":{"line":134,"column":20},"end":{"line":136,"column":55},"skip":true},"44":{"start":{"line":139,"column":16},"end":{"line":139,"column":57},"skip":true},"45":{"start":{"line":143,"column":8},"end":{"line":147,"column":11},"skip":true},"46":{"start":{"line":144,"column":12},"end":{"line":146,"column":15},"skip":true},"47":{"start":{"line":145,"column":16},"end":{"line":145,"column":70},"skip":true},"48":{"start":{"line":149,"column":8},"end":{"line":149,"column":31},"skip":true},"49":{"start":{"line":150,"column":8},"end":{"line":150,"column":14},"skip":true},"50":{"start":{"line":158,"column":8},"end":{"line":158,"column":31},"skip":true},"51":{"start":{"line":160,"column":8},"end":{"line":160,"column":33},"skip":true},"52":{"start":{"line":161,"column":8},"end":{"line":161,"column":37},"skip":true},"53":{"start":{"line":162,"column":8},"end":{"line":162,"column":35},"skip":true},"54":{"start":{"line":164,"column":8},"end":{"line":164,"column":50},"skip":true},"55":{"start":{"line":166,"column":8},"end":{"line":256,"column":2},"skip":true},"56":{"start":{"line":258,"column":8},"end":{"line":286,"column":9},"skip":true},"57":{"start":{"line":259,"column":12},"end":{"line":269,"column":14},"skip":true},"58":{"start":{"line":271,"column":12},"end":{"line":285,"column":19},"skip":true},"59":{"start":{"line":274,"column":20},"end":{"line":274,"column":35},"skip":true},"60":{"start":{"line":275,"column":20},"end":{"line":284,"column":21},"skip":true},"61":{"start":{"line":277,"column":24},"end":{"line":277,"column":64},"skip":true},"62":{"start":{"line":279,"column":24},"end":{"line":279,"column":40},"skip":true},"63":{"start":{"line":281,"column":24},"end":{"line":281,"column":40},"skip":true},"64":{"start":{"line":283,"column":24},"end":{"line":283,"column":39},"skip":true},"65":{"start":{"line":288,"column":8},"end":{"line":290,"column":9},"skip":true},"66":{"start":{"line":289,"column":12},"end":{"line":289,"column":18},"skip":true},"67":{"start":{"line":291,"column":8},"end":{"line":293,"column":54},"skip":true},"68":{"start":{"line":294,"column":8},"end":{"line":301,"column":37},"skip":true},"69":{"start":{"line":302,"column":8},"end":{"line":302,"column":82},"skip":true},"70":{"start":{"line":305,"column":8},"end":{"line":307,"column":9},"skip":true},"71":{"start":{"line":306,"column":12},"end":{"line":306,"column":82},"skip":true},"72":{"start":{"line":309,"column":8},"end":{"line":311,"column":9},"skip":true},"73":{"start":{"line":310,"column":12},"end":{"line":310,"column":18},"skip":true},"74":{"start":{"line":312,"column":8},"end":{"line":312,"column":54},"skip":true},"75":{"start":{"line":313,"column":8},"end":{"line":313,"column":69},"skip":true},"76":{"start":{"line":314,"column":8},"end":{"line":322,"column":36},"skip":true},"77":{"start":{"line":315,"column":12},"end":{"line":315,"column":61},"skip":true},"78":{"start":{"line":316,"column":12},"end":{"line":319,"column":13},"skip":true},"79":{"start":{"line":317,"column":16},"end":{"line":317,"column":75},"skip":true},"80":{"start":{"line":318,"column":16},"end":{"line":318,"column":23},"skip":true},"81":{"start":{"line":320,"column":12},"end":{"line":320,"column":38},"skip":true},"82":{"start":{"line":321,"column":12},"end":{"line":321,"column":27},"skip":true},"83":{"start":{"line":323,"column":8},"end":{"line":323,"column":14},"skip":true}},"branchMap":{"1":{"line":39,"type":"binary-expr","locations":[{"start":{"line":39,"column":23},"end":{"line":39,"column":62}},{"start":{"line":40,"column":20},"end":{"line":40,"column":70}},{"start":{"line":41,"column":20},"end":{"line":41,"column":71}},{"start":{"line":42,"column":20},"end":{"line":42,"column":29}}]},"2":{"line":44,"type":"binary-expr","locations":[{"start":{"line":44,"column":23},"end":{"line":44,"column":37}},{"start":{"line":45,"column":20},"end":{"line":45,"column":61}},{"start":{"line":46,"column":20},"end":{"line":46,"column":70}},{"start":{"line":47,"column":20},"end":{"line":47,"column":26}}]},"3":{"line":51,"type":"cond-expr","locations":[{"start":{"line":52,"column":14},"end":{"line":52,"column":20}},{"start":{"line":53,"column":14},"end":{"line":53,"column":20}}]},"4":{"line":55,"type":"binary-expr","locations":[{"start":{"line":55,"column":16},"end":{"line":55,"column":44}},{"start":{"line":55,"column":49},"end":{"line":57,"column":43}}]},"5":{"line":55,"type":"cond-expr","locations":[{"start":{"line":56,"column":14},"end":{"line":56,"column":63}},{"start":{"line":57,"column":14},"end":{"line":57,"column":43}}]},"6":{"line":61,"type":"switch","locations":[{"start":{"line":68,"column":4},"end":{"line":150,"column":14},"skip":true},{"start":{"line":156,"column":4},"end":{"line":323,"column":14},"skip":true}]},"7":{"line":70,"type":"if","locations":[{"start":{"line":70,"column":12},"end":{"line":70,"column":12},"skip":true},{"start":{"line":70,"column":12},"end":{"line":70,"column":12},"skip":true}]},"8":{"line":70,"type":"binary-expr","locations":[{"start":{"line":70,"column":16},"end":{"line":70,"column":22},"skip":true},{"start":{"line":70,"column":27},"end":{"line":70,"column":32},"skip":true},{"start":{"line":71,"column":20},"end":{"line":71,"column":39},"skip":true},{"start":{"line":72,"column":20},"end":{"line":72,"column":49},"skip":true},{"start":{"line":73,"column":20},"end":{"line":73,"column":58},"skip":true},{"start":{"line":74,"column":20},"end":{"line":74,"column":69},"skip":true}]},"9":{"line":79,"type":"switch","locations":[{"start":{"line":80,"column":20},"end":{"line":80,"column":33},"skip":true},{"start":{"line":81,"column":20},"end":{"line":83,"column":30},"skip":true},{"start":{"line":84,"column":20},"end":{"line":85,"column":49},"skip":true}]},"10":{"line":89,"type":"switch","locations":[{"start":{"line":90,"column":12},"end":{"line":103,"column":22},"skip":true},{"start":{"line":105,"column":12},"end":{"line":106,"column":22},"skip":true}]},"11":{"line":89,"type":"binary-expr","locations":[{"start":{"line":89,"column":20},"end":{"line":89,"column":25},"skip":true},{"start":{"line":89,"column":29},"end":{"line":89,"column":48},"skip":true},{"start":{"line":89,"column":52},"end":{"line":89,"column":74},"skip":true}]},"12":{"line":92,"type":"if","locations":[{"start":{"line":92,"column":16},"end":{"line":92,"column":16},"skip":true},{"start":{"line":92,"column":16},"end":{"line":92,"column":16},"skip":true}]},"13":{"line":108,"type":"if","locations":[{"start":{"line":108,"column":12},"end":{"line":108,"column":12},"skip":true},{"start":{"line":108,"column":12},"end":{"line":108,"column":12},"skip":true}]},"14":{"line":108,"type":"binary-expr","locations":[{"start":{"line":108,"column":16},"end":{"line":108,"column":61},"skip":true},{"start":{"line":108,"column":66},"end":{"line":108,"column":72},"skip":true},{"start":{"line":108,"column":77},"end":{"line":108,"column":82},"skip":true},{"start":{"line":109,"column":20},"end":{"line":109,"column":39},"skip":true},{"start":{"line":110,"column":20},"end":{"line":110,"column":49},"skip":true},{"start":{"line":111,"column":20},"end":{"line":111,"column":58},"skip":true},{"start":{"line":112,"column":20},"end":{"line":112,"column":68},"skip":true}]},"15":{"line":129,"type":"if","locations":[{"start":{"line":129,"column":16},"end":{"line":129,"column":16},"skip":true},{"start":{"line":129,"column":16},"end":{"line":129,"column":16},"skip":true}]},"16":{"line":134,"type":"cond-expr","locations":[{"start":{"line":135,"column":26},"end":{"line":135,"column":29},"skip":true},{"start":{"line":136,"column":26},"end":{"line":136,"column":54},"skip":true}]},"17":{"line":164,"type":"binary-expr","locations":[{"start":{"line":164,"column":27},"end":{"line":164,"column":43},"skip":true},{"start":{"line":164,"column":47},"end":{"line":164,"column":49},"skip":true}]},"18":{"line":258,"type":"if","locations":[{"start":{"line":258,"column":8},"end":{"line":258,"column":8},"skip":true},{"start":{"line":258,"column":8},"end":{"line":258,"column":8},"skip":true}]},"19":{"line":275,"type":"switch","locations":[{"start":{"line":276,"column":20},"end":{"line":277,"column":64},"skip":true},{"start":{"line":278,"column":20},"end":{"line":279,"column":40},"skip":true},{"start":{"line":280,"column":20},"end":{"line":281,"column":40},"skip":true},{"start":{"line":282,"column":20},"end":{"line":283,"column":39},"skip":true}]},"20":{"line":288,"type":"if","locations":[{"start":{"line":288,"column":8},"end":{"line":288,"column":8},"skip":true},{"start":{"line":288,"column":8},"end":{"line":288,"column":8},"skip":true}]},"21":{"line":288,"type":"binary-expr","locations":[{"start":{"line":288,"column":12},"end":{"line":288,"column":40},"skip":true},{"start":{"line":288,"column":44},"end":{"line":288,"column":67},"skip":true}]},"22":{"line":292,"type":"binary-expr","locations":[{"start":{"line":292,"column":12},"end":{"line":292,"column":50},"skip":true},{"start":{"line":293,"column":12},"end":{"line":293,"column":53},"skip":true}]},"23":{"line":295,"type":"binary-expr","locations":[{"start":{"line":295,"column":12},"end":{"line":295,"column":77},"skip":true},{"start":{"line":296,"column":12},"end":{"line":301,"column":36},"skip":true}]},"24":{"line":302,"type":"binary-expr","locations":[{"start":{"line":302,"column":43},"end":{"line":302,"column":75},"skip":true},{"start":{"line":302,"column":79},"end":{"line":302,"column":81},"skip":true}]},"25":{"line":305,"type":"if","locations":[{"start":{"line":305,"column":8},"end":{"line":305,"column":8},"skip":true},{"start":{"line":305,"column":8},"end":{"line":305,"column":8},"skip":true}]},"26":{"line":309,"type":"if","locations":[{"start":{"line":309,"column":8},"end":{"line":309,"column":8},"skip":true},{"start":{"line":309,"column":8},"end":{"line":309,"column":8},"skip":true}]},"27":{"line":312,"type":"binary-expr","locations":[{"start":{"line":312,"column":27},"end":{"line":312,"column":43},"skip":true},{"start":{"line":312,"column":47},"end":{"line":312,"column":53},"skip":true}]},"28":{"line":316,"type":"if","locations":[{"start":{"line":316,"column":12},"end":{"line":316,"column":12},"skip":true},{"start":{"line":316,"column":12},"end":{"line":316,"column":12},"skip":true}]}},"code":["/*","example.js","","quickstart example","","instruction","    1. save this script as example.js","    2. run the shell command:","        $ npm install npmtest-eslint-plugin-react && PORT=8081 node example.js","    3. play with the browser-demo on http://127.0.0.1:8081","*/","","","","/* istanbul instrument in package npmtest_eslint_plugin_react */","/*jslint","    bitwise: true,","    browser: true,","    maxerr: 8,","    maxlen: 96,","    node: true,","    nomen: true,","    regexp: true,","    stupid: true","*/","(function () {","    'use strict';","    var local;","","","","    // run shared js-env code - pre-init","    (function () {","        // init local","        local = {};","        // init modeJs","        local.modeJs = (function () {","            try {","                return typeof navigator.userAgent === 'string' &&","                    typeof document.querySelector('body') === 'object' &&","                    typeof XMLHttpRequest.prototype.open === 'function' &&","                    'browser';","            } catch (errorCaughtBrowser) {","                return module.exports &&","                    typeof process.versions.node === 'string' &&","                    typeof require('http').createServer === 'function' &&","                    'node';","            }","        }());","        // init global","        local.global = local.modeJs === 'browser'","            ? window","            : global;","        // init utility2_rollup","        local = local.global.utility2_rollup || (local.modeJs === 'browser'","            ? local.global.utility2_npmtest_eslint_plugin_react","            : global.utility2_moduleExports);","        // export local","        local.global.local = local;","    }());","    switch (local.modeJs) {","","","","    // post-init","    // run browser js-env code - post-init","    /* istanbul ignore next */","    case 'browser':","        local.testRunBrowser = function (event) {","            if (!event || (event &&","                    event.currentTarget &&","                    event.currentTarget.className &&","                    event.currentTarget.className.includes &&","                    event.currentTarget.className.includes('onreset'))) {","                // reset output","                Array.from(","                    document.querySelectorAll('body > .resettable')","                ).forEach(function (element) {","                    switch (element.tagName) {","                    case 'INPUT':","                    case 'TEXTAREA':","                        element.value = '';","                        break;","                    default:","                        element.textContent = '';","                    }","                });","            }","            switch (event && event.currentTarget && event.currentTarget.id) {","            case 'testRunButton1':","                // show tests","                if (document.querySelector('#testReportDiv1').style.display === 'none') {","                    document.querySelector('#testReportDiv1').style.display = 'block';","                    document.querySelector('#testRunButton1').textContent =","                        'hide internal test';","                    local.modeTest = true;","                    local.testRunDefault(local);","                // hide tests","                } else {","                    document.querySelector('#testReportDiv1').style.display = 'none';","                    document.querySelector('#testRunButton1').textContent = 'run internal test';","                }","                break;","            // custom-case","            default:","                break;","            }","            if (document.querySelector('#inputTextareaEval1') && (!event || (event &&","                    event.currentTarget &&","                    event.currentTarget.className &&","                    event.currentTarget.className.includes &&","                    event.currentTarget.className.includes('oneval')))) {","                // try to eval input-code","                try {","                    /*jslint evil: true*/","                    eval(document.querySelector('#inputTextareaEval1').value);","                } catch (errorCaught) {","                    console.error(errorCaught.stack);","                }","            }","        };","        // log stderr and stdout to #outputTextareaStdout1","        ['error', 'log'].forEach(function (key) {","            console[key + '_original'] = console[key];","            console[key] = function () {","                var element;","                console[key + '_original'].apply(console, arguments);","                element = document.querySelector('#outputTextareaStdout1');","                if (!element) {","                    return;","                }","                // append text to #outputTextareaStdout1","                element.value += Array.from(arguments).map(function (arg) {","                    return typeof arg === 'string'","                        ? arg","                        : JSON.stringify(arg, null, 4);","                }).join(' ') + '\\n';","                // scroll textarea to bottom","                element.scrollTop = element.scrollHeight;","            };","        });","        // init event-handling","        ['change', 'click', 'keyup'].forEach(function (event) {","            Array.from(document.querySelectorAll('.on' + event)).forEach(function (element) {","                element.addEventListener(event, local.testRunBrowser);","            });","        });","        // run tests","        local.testRunBrowser();","        break;","","","","    // run node js-env code - post-init","    /* istanbul ignore next */","    case 'node':","        // export local","        module.exports = local;","        // require modules","        local.fs = require('fs');","        local.http = require('http');","        local.url = require('url');","        // init assets","        local.assetsDict = local.assetsDict || {};","        /* jslint-ignore-begin */","        local.assetsDict['/assets.index.template.html'] = '\\","<!doctype html>\\n\\","<html lang=\"en\">\\n\\","<head>\\n\\","<meta charset=\"UTF-8\">\\n\\","<meta name=\"viewport\" content=\"width=device-width, initial-scale=1\">\\n\\","<title>{{env.npm_package_name}} (v{{env.npm_package_version}})</title>\\n\\","<style>\\n\\","/*csslint\\n\\","    box-sizing: false,\\n\\","    universal-selector: false\\n\\","*/\\n\\","* {\\n\\","    box-sizing: border-box;\\n\\","}\\n\\","body {\\n\\","    background: #dde;\\n\\","    font-family: Arial, Helvetica, sans-serif;\\n\\","    margin: 2rem;\\n\\","}\\n\\","body > * {\\n\\","    margin-bottom: 1rem;\\n\\","}\\n\\",".utility2FooterDiv {\\n\\","    margin-top: 20px;\\n\\","    text-align: center;\\n\\","}\\n\\","</style>\\n\\","<style>\\n\\","/*csslint\\n\\","*/\\n\\","textarea {\\n\\","    font-family: monospace;\\n\\","    height: 10rem;\\n\\","    width: 100%;\\n\\","}\\n\\","textarea[readonly] {\\n\\","    background: #ddd;\\n\\","}\\n\\","</style>\\n\\","</head>\\n\\","<body>\\n\\","<!-- utility2-comment\\n\\","<div id=\"ajaxProgressDiv1\" style=\"background: #d00; height: 2px; left: 0; margin: 0; padding: 0; position: fixed; top: 0; transition: background 0.5s, width 1.5s; width: 25%;\"></div>\\n\\","utility2-comment -->\\n\\","<h1>\\n\\","<!-- utility2-comment\\n\\","    <a\\n\\","        {{#if env.npm_package_homepage}}\\n\\","        href=\"{{env.npm_package_homepage}}\"\\n\\","        {{/if env.npm_package_homepage}}\\n\\","        target=\"_blank\"\\n\\","    >\\n\\","utility2-comment -->\\n\\","        {{env.npm_package_name}} (v{{env.npm_package_version}})\\n\\","<!-- utility2-comment\\n\\","    </a>\\n\\","utility2-comment -->\\n\\","</h1>\\n\\","<h3>{{env.npm_package_description}}</h3>\\n\\","<!-- utility2-comment\\n\\","<h4><a download href=\"assets.app.js\">download standalone app</a></h4>\\n\\","<button class=\"onclick onreset\" id=\"testRunButton1\">run internal test</button><br>\\n\\","<div id=\"testReportDiv1\" style=\"display: none;\"></div>\\n\\","utility2-comment -->\\n\\","\\n\\","\\n\\","\\n\\","<label>stderr and stdout</label>\\n\\","<textarea class=\"resettable\" id=\"outputTextareaStdout1\" readonly></textarea>\\n\\","<!-- utility2-comment\\n\\","{{#if isRollup}}\\n\\","<script src=\"assets.app.js\"></script>\\n\\","{{#unless isRollup}}\\n\\","utility2-comment -->\\n\\","<script src=\"assets.utility2.rollup.js\"></script>\\n\\","<script src=\"jsonp.utility2._stateInit?callback=window.utility2._stateInit\"></script>\\n\\","<script src=\"assets.npmtest_eslint_plugin_react.rollup.js\"></script>\\n\\","<script src=\"assets.example.js\"></script>\\n\\","<script src=\"assets.test.js\"></script>\\n\\","<!-- utility2-comment\\n\\","{{/if isRollup}}\\n\\","utility2-comment -->\\n\\","<div class=\"utility2FooterDiv\">\\n\\","    [ this app was created with\\n\\","    <a href=\"https://github.com/kaizhu256/node-utility2\" target=\"_blank\">utility2</a>\\n\\","    ]\\n\\","</div>\\n\\","</body>\\n\\","</html>\\n\\","';","        /* jslint-ignore-end */","        if (local.templateRender) {","            local.assetsDict['/'] = local.templateRender(","                local.assetsDict['/assets.index.template.html'],","                {","                    env: local.objectSetDefault(local.env, {","                        npm_package_description: 'the greatest app in the world!',","                        npm_package_name: 'my-app',","                        npm_package_nameAlias: 'my_app',","                        npm_package_version: '0.0.1'","                    })","                }","            );","        } else {","            local.assetsDict['/'] = local.assetsDict['/assets.index.template.html']","                .replace((/\\{\\{env\\.(\\w+?)\\}\\}/g), function (match0, match1) {","                    // jslint-hack","                    String(match0);","                    switch (match1) {","                    case 'npm_package_description':","                        return 'the greatest app in the world!';","                    case 'npm_package_name':","                        return 'my-app';","                    case 'npm_package_nameAlias':","                        return 'my_app';","                    case 'npm_package_version':","                        return '0.0.1';","                    }","                });","        }","        // run the cli","        if (local.global.utility2_rollup || module !== require.main) {","            break;","        }","        local.assetsDict['/assets.example.js'] =","            local.assetsDict['/assets.example.js'] ||","            local.fs.readFileSync(__filename, 'utf8');","        local.assetsDict['/assets.npmtest_eslint_plugin_react.rollup.js'] =","            local.assetsDict['/assets.npmtest_eslint_plugin_react.rollup.js'] ||","            local.fs.readFileSync(","                // buildCustomOrg-hack","                local.npmtest_eslint_plugin_react.__dirname +","                    '/lib.npmtest_eslint_plugin_react.js',","                'utf8'","            ).replace((/^#!/), '//');","        local.assetsDict['/favicon.ico'] = local.assetsDict['/favicon.ico'] || '';","        // if $npm_config_timeout_exit exists,","        // then exit this process after $npm_config_timeout_exit ms","        if (Number(process.env.npm_config_timeout_exit)) {","            setTimeout(process.exit, Number(process.env.npm_config_timeout_exit));","        }","        // start server","        if (local.global.utility2_serverHttp1) {","            break;","        }","        process.env.PORT = process.env.PORT || '8081';","        console.error('server starting on port ' + process.env.PORT);","        local.http.createServer(function (request, response) {","            request.urlParsed = local.url.parse(request.url);","            if (local.assetsDict[request.urlParsed.pathname] !== undefined) {","                response.end(local.assetsDict[request.urlParsed.pathname]);","                return;","            }","            response.statusCode = 404;","            response.end();","        }).listen(process.env.PORT);","        break;","    }","}());",""],"l":{"26":2,"28":2,"33":2,"35":2,"37":2,"38":2,"39":2,"44":1,"51":2,"55":2,"59":2,"61":2,"69":1,"70":2,"76":2,"79":2,"82":2,"83":2,"85":1,"89":2,"92":1,"93":1,"94":1,"96":1,"97":1,"100":1,"101":1,"103":1,"106":1,"108":2,"114":1,"116":1,"118":1,"123":1,"124":2,"125":2,"126":2,"127":2,"128":2,"129":2,"130":1,"133":2,"134":2,"139":2,"143":1,"144":3,"145":1,"149":1,"150":1,"158":1,"160":1,"161":1,"162":1,"164":1,"166":1,"258":1,"259":1,"271":1,"274":6,"275":6,"277":1,"279":2,"281":1,"283":2,"288":1,"289":1,"291":1,"294":1,"302":1,"305":1,"306":1,"309":1,"310":1,"312":1,"313":1,"314":1,"315":1,"316":1,"317":1,"318":1,"320":1,"321":1,"323":1}},"/home/travis/build/npmtest/node-npmtest-eslint-plugin-react/eslint-plugin-react/index.js":{"path":"/home/travis/build/npmtest/node-npmtest-eslint-plugin-react/eslint-plugin-react/index.js","s":{"1":1,"2":1,"3":1,"4":2,"5":2,"6":122,"7":61,"8":2,"9":1,"10":1,"11":1,"12":58,"13":0,"14":58,"15":1,"16":1,"17":61,"18":1,"19":1,"20":61,"21":1},"b":{"1":[61,61],"2":[122,122],"3":[0,58]},"f":{"1":2,"2":1,"3":61,"4":61},"fnMap":{"1":{"name":"filterRules","line":69,"loc":{"start":{"line":69,"column":0},"end":{"line":69,"column":39}}},"2":{"name":"configureAsError","line":79,"loc":{"start":{"line":79,"column":0},"end":{"line":79,"column":33}}},"3":{"name":"(anonymous_3)","line":90,"loc":{"start":{"line":90,"column":40},"end":{"line":90,"column":55}}},"4":{"name":"(anonymous_4)","line":95,"loc":{"start":{"line":95,"column":44},"end":{"line":95,"column":59}}}},"statementMap":{"1":{"start":{"line":3,"column":0},"end":{"line":3,"column":25}},"2":{"start":{"line":5,"column":0},"end":{"line":67,"column":2}},"3":{"start":{"line":69,"column":0},"end":{"line":77,"column":1}},"4":{"start":{"line":70,"column":2},"end":{"line":70,"column":18}},"5":{"start":{"line":71,"column":2},"end":{"line":75,"column":3}},"6":{"start":{"line":72,"column":4},"end":{"line":74,"column":5}},"7":{"start":{"line":73,"column":6},"end":{"line":73,"column":31}},"8":{"start":{"line":76,"column":2},"end":{"line":76,"column":16}},"9":{"start":{"line":79,"column":0},"end":{"line":88,"column":1}},"10":{"start":{"line":80,"column":2},"end":{"line":80,"column":18}},"11":{"start":{"line":81,"column":2},"end":{"line":86,"column":3}},"12":{"start":{"line":82,"column":4},"end":{"line":84,"column":5}},"13":{"start":{"line":83,"column":6},"end":{"line":83,"column":15}},"14":{"start":{"line":85,"column":4},"end":{"line":85,"column":31}},"15":{"start":{"line":87,"column":2},"end":{"line":87,"column":16}},"16":{"start":{"line":90,"column":0},"end":{"line":92,"column":3}},"17":{"start":{"line":91,"column":2},"end":{"line":91,"column":31}},"18":{"start":{"line":93,"column":0},"end":{"line":93,"column":54}},"19":{"start":{"line":95,"column":0},"end":{"line":97,"column":3}},"20":{"start":{"line":96,"column":2},"end":{"line":96,"column":30}},"21":{"start":{"line":99,"column":0},"end":{"line":141,"column":2}}},"branchMap":{"1":{"line":72,"type":"if","locations":[{"start":{"line":72,"column":4},"end":{"line":72,"column":4}},{"start":{"line":72,"column":4},"end":{"line":72,"column":4}}]},"2":{"line":72,"type":"binary-expr","locations":[{"start":{"line":72,"column":8},"end":{"line":72,"column":23}},{"start":{"line":72,"column":27},"end":{"line":72,"column":48}}]},"3":{"line":82,"type":"if","locations":[{"start":{"line":82,"column":4},"end":{"line":82,"column":4}},{"start":{"line":82,"column":4},"end":{"line":82,"column":4}}]}},"code":["'use strict';","","var has = require('has');","","var allRules = {","  'jsx-uses-react': require('./lib/rules/jsx-uses-react'),","  'no-multi-comp': require('./lib/rules/no-multi-comp'),","  'prop-types': require('./lib/rules/prop-types'),","  'require-default-props': require('./lib/rules/require-default-props'),","  'display-name': require('./lib/rules/display-name'),","  'jsx-wrap-multilines': require('./lib/rules/jsx-wrap-multilines'),","  'self-closing-comp': require('./lib/rules/self-closing-comp'),","  'jsx-no-comment-textnodes': require('./lib/rules/jsx-no-comment-textnodes'),","  'no-array-index-key': require('./lib/rules/no-array-index-key'),","  'no-danger': require('./lib/rules/no-danger'),","  'no-set-state': require('./lib/rules/no-set-state'),","  'no-is-mounted': require('./lib/rules/no-is-mounted'),","  'no-deprecated': require('./lib/rules/no-deprecated'),","  'no-did-mount-set-state': require('./lib/rules/no-did-mount-set-state'),","  'no-did-update-set-state': require('./lib/rules/no-did-update-set-state'),","  'no-render-return-value': require('./lib/rules/no-render-return-value'),","  'no-unescaped-entities': require('./lib/rules/no-unescaped-entities'),","  'react-in-jsx-scope': require('./lib/rules/react-in-jsx-scope'),","  'jsx-uses-vars': require('./lib/rules/jsx-uses-vars'),","  'jsx-handler-names': require('./lib/rules/jsx-handler-names'),","  'jsx-pascal-case': require('./lib/rules/jsx-pascal-case'),","  'jsx-no-bind': require('./lib/rules/jsx-no-bind'),","  'jsx-no-undef': require('./lib/rules/jsx-no-undef'),","  'no-unknown-property': require('./lib/rules/no-unknown-property'),","  'jsx-curly-spacing': require('./lib/rules/jsx-curly-spacing'),","  'jsx-equals-spacing': require('./lib/rules/jsx-equals-spacing'),","  'jsx-sort-props': require('./lib/rules/jsx-sort-props'),","  'sort-prop-types': require('./lib/rules/sort-prop-types'),","  'jsx-boolean-value': require('./lib/rules/jsx-boolean-value'),","  'sort-comp': require('./lib/rules/sort-comp'),","  'jsx-no-duplicate-props': require('./lib/rules/jsx-no-duplicate-props'),","  'jsx-max-props-per-line': require('./lib/rules/jsx-max-props-per-line'),","  'jsx-no-literals': require('./lib/rules/jsx-no-literals'),","  'jsx-indent-props': require('./lib/rules/jsx-indent-props'),","  'jsx-indent': require('./lib/rules/jsx-indent'),","  'jsx-closing-bracket-location': require('./lib/rules/jsx-closing-bracket-location'),","  'jsx-space-before-closing': require('./lib/rules/jsx-space-before-closing'),","  'no-direct-mutation-state': require('./lib/rules/no-direct-mutation-state'),","  'forbid-component-props': require('./lib/rules/forbid-component-props'),","  'forbid-elements': require('./lib/rules/forbid-elements'),","  'forbid-prop-types': require('./lib/rules/forbid-prop-types'),","  'forbid-foreign-prop-types': require('./lib/rules/forbid-foreign-prop-types'),","  'prefer-es6-class': require('./lib/rules/prefer-es6-class'),","  'jsx-key': require('./lib/rules/jsx-key'),","  'no-string-refs': require('./lib/rules/no-string-refs'),","  'prefer-stateless-function': require('./lib/rules/prefer-stateless-function'),","  'require-render-return': require('./lib/rules/require-render-return'),","  'jsx-first-prop-new-line': require('./lib/rules/jsx-first-prop-new-line'),","  'jsx-no-target-blank': require('./lib/rules/jsx-no-target-blank'),","  'jsx-filename-extension': require('./lib/rules/jsx-filename-extension'),","  'require-optimization': require('./lib/rules/require-optimization'),","  'no-find-dom-node': require('./lib/rules/no-find-dom-node'),","  'no-danger-with-children': require('./lib/rules/no-danger-with-children'),","  'style-prop-object': require('./lib/rules/style-prop-object'),","  'no-unused-prop-types': require('./lib/rules/no-unused-prop-types'),","  'no-children-prop': require('./lib/rules/no-children-prop'),","  'void-dom-elements-no-children': require('./lib/rules/void-dom-elements-no-children'),","  'no-comment-textnodes': require('./lib/rules/no-comment-textnodes'),","  'require-extension': require('./lib/rules/require-extension'),","  'wrap-multilines': require('./lib/rules/wrap-multilines'),","  'jsx-tag-spacing': require('./lib/rules/jsx-tag-spacing')","};","","function filterRules(rules, predicate) {","  var result = {};","  for (var key in rules) {","    if (has(rules, key) && predicate(rules[key])) {","      result[key] = rules[key];","    }","  }","  return result;","}","","function configureAsError(rules) {","  var result = {};","  for (var key in rules) {","    if (!has(rules, key)) {","      continue;","    }","    result['react/' + key] = 2;","  }","  return result;","}","","var activeRules = filterRules(allRules, function(rule) {","  return !rule.meta.deprecated;","});","var activeRulesConfig = configureAsError(activeRules);","","var deprecatedRules = filterRules(allRules, function(rule) {","  return rule.meta.deprecated;","});","","module.exports = {","  deprecatedRules: deprecatedRules,","  rules: allRules,","  configs: {","    recommended: {","      plugins: [","        'react'","      ],","      parserOptions: {","        ecmaFeatures: {","          jsx: true","        }","      },","      rules: {","        'react/display-name': 2,","        'react/jsx-no-duplicate-props': 2,","        'react/jsx-no-undef': 2,","        'react/jsx-uses-react': 2,","        'react/jsx-uses-vars': 2,","        'react/no-deprecated': 2,","        'react/no-direct-mutation-state': 2,","        'react/no-find-dom-node': 2,","        'react/no-is-mounted': 2,","        'react/no-unknown-property': 2,","        'react/no-render-return-value': 2,","        'react/prop-types': 2,","        'react/react-in-jsx-scope': 2,","        'react/require-render-return': 2","      }","    },","    all: {","      plugins: [","        'react'","      ],","      parserOptions: {","        ecmaFeatures: {","          jsx: true","        }","      },","      rules: activeRulesConfig","    }","  }","};",""],"l":{"3":1,"5":1,"69":1,"70":2,"71":2,"72":122,"73":61,"76":2,"79":1,"80":1,"81":1,"82":58,"83":0,"85":58,"87":1,"90":1,"91":61,"93":1,"95":1,"96":61,"99":1}},"/home/travis/build/npmtest/node-npmtest-eslint-plugin-react/eslint-plugin-react/lib/rules/jsx-uses-react.js":{"path":"/home/travis/build/npmtest/node-npmtest-eslint-plugin-react/eslint-plugin-react/lib/rules/jsx-uses-react.js","s":{"1":1,"2":1,"3":0,"4":0,"5":0,"6":0},"b":{"1":[0,0]},"f":{"1":0,"2":0,"3":0},"fnMap":{"1":{"name":"(anonymous_1)","line":23,"loc":{"start":{"line":23,"column":10},"end":{"line":23,"column":28}}},"2":{"name":"(anonymous_2)","line":33,"loc":{"start":{"line":33,"column":25},"end":{"line":33,"column":36}}},"3":{"name":"(anonymous_3)","line":37,"loc":{"start":{"line":37,"column":20},"end":{"line":37,"column":35}}}},"statementMap":{"1":{"start":{"line":7,"column":0},"end":{"line":7,"column":43}},"2":{"start":{"line":13,"column":0},"end":{"line":44,"column":2}},"3":{"start":{"line":25,"column":4},"end":{"line":25,"column":52}},"4":{"start":{"line":31,"column":4},"end":{"line":41,"column":6}},"5":{"start":{"line":34,"column":8},"end":{"line":34,"column":43}},"6":{"start":{"line":38,"column":8},"end":{"line":38,"column":56}}},"branchMap":{"1":{"line":38,"type":"binary-expr","locations":[{"start":{"line":38,"column":17},"end":{"line":38,"column":45}},{"start":{"line":38,"column":49},"end":{"line":38,"column":55}}]}},"code":["/**"," * @fileoverview Prevent React to be marked as unused"," * @author Glen Mailer"," */","'use strict';","","var pragmaUtil = require('../util/pragma');","","// ------------------------------------------------------------------------------","// Rule Definition","// ------------------------------------------------------------------------------","","module.exports = {","  meta: {","    docs: {","      description: 'Prevent React to be marked as unused',","      category: 'Best Practices',","      recommended: true","    },","    schema: []","  },","","  create: function(context) {","","    var pragma = pragmaUtil.getFromContext(context);","","    // --------------------------------------------------------------------------","    // Public","    // --------------------------------------------------------------------------","","    return {","","      JSXOpeningElement: function() {","        context.markVariableAsUsed(pragma);","      },","","      BlockComment: function(node) {","        pragma = pragmaUtil.getFromNode(node) || pragma;","      }","","    };","","  }","};",""],"l":{"7":1,"13":1,"25":0,"31":0,"34":0,"38":0}},"/home/travis/build/npmtest/node-npmtest-eslint-plugin-react/eslint-plugin-react/lib/util/pragma.js":{"path":"/home/travis/build/npmtest/node-npmtest-eslint-plugin-react/eslint-plugin-react/lib/util/pragma.js","s":{"1":1,"2":1,"3":1,"4":0,"5":0,"6":0,"7":0,"8":0,"9":0,"10":1,"11":0,"12":0,"13":0,"14":0,"15":0,"16":0,"17":1,"18":0,"19":0,"20":0,"21":0,"22":1},"b":{"1":[0,0],"2":[0,0],"3":[0,0],"4":[0,0],"5":[0,0],"6":[0,0],"7":[0,0]},"f":{"1":0,"2":0,"3":0},"fnMap":{"1":{"name":"getCreateClassFromContext","line":12,"loc":{"start":{"line":12,"column":0},"end":{"line":12,"column":44}}},"2":{"name":"getFromContext","line":24,"loc":{"start":{"line":24,"column":0},"end":{"line":24,"column":33}}},"3":{"name":"getFromNode","line":36,"loc":{"start":{"line":36,"column":0},"end":{"line":36,"column":27}}}},"statementMap":{"1":{"start":{"line":7,"column":0},"end":{"line":7,"column":51}},"2":{"start":{"line":9,"column":0},"end":{"line":9,"column":55}},"3":{"start":{"line":12,"column":0},"end":{"line":22,"column":1}},"4":{"start":{"line":13,"column":2},"end":{"line":13,"column":29}},"5":{"start":{"line":15,"column":2},"end":{"line":17,"column":3}},"6":{"start":{"line":16,"column":4},"end":{"line":16,"column":48}},"7":{"start":{"line":18,"column":2},"end":{"line":20,"column":3}},"8":{"start":{"line":19,"column":4},"end":{"line":19,"column":85}},"9":{"start":{"line":21,"column":2},"end":{"line":21,"column":16}},"10":{"start":{"line":24,"column":0},"end":{"line":34,"column":1}},"11":{"start":{"line":25,"column":2},"end":{"line":25,"column":23}},"12":{"start":{"line":27,"column":2},"end":{"line":29,"column":3}},"13":{"start":{"line":28,"column":4},"end":{"line":28,"column":43}},"14":{"start":{"line":30,"column":2},"end":{"line":32,"column":3}},"15":{"start":{"line":31,"column":4},"end":{"line":31,"column":76}},"16":{"start":{"line":33,"column":2},"end":{"line":33,"column":16}},"17":{"start":{"line":36,"column":0},"end":{"line":42,"column":1}},"18":{"start":{"line":37,"column":2},"end":{"line":37,"column":54}},"19":{"start":{"line":38,"column":2},"end":{"line":40,"column":3}},"20":{"start":{"line":39,"column":4},"end":{"line":39,"column":17}},"21":{"start":{"line":41,"column":2},"end":{"line":41,"column":34}},"22":{"start":{"line":44,"column":0},"end":{"line":48,"column":2}}},"branchMap":{"1":{"line":15,"type":"if","locations":[{"start":{"line":15,"column":2},"end":{"line":15,"column":2}},{"start":{"line":15,"column":2},"end":{"line":15,"column":2}}]},"2":{"line":15,"type":"binary-expr","locations":[{"start":{"line":15,"column":6},"end":{"line":15,"column":28}},{"start":{"line":15,"column":32},"end":{"line":15,"column":66}}]},"3":{"line":18,"type":"if","locations":[{"start":{"line":18,"column":2},"end":{"line":18,"column":2}},{"start":{"line":18,"column":2},"end":{"line":18,"column":2}}]},"4":{"line":27,"type":"if","locations":[{"start":{"line":27,"column":2},"end":{"line":27,"column":2}},{"start":{"line":27,"column":2},"end":{"line":27,"column":2}}]},"5":{"line":27,"type":"binary-expr","locations":[{"start":{"line":27,"column":6},"end":{"line":27,"column":28}},{"start":{"line":27,"column":32},"end":{"line":27,"column":61}}]},"6":{"line":30,"type":"if","locations":[{"start":{"line":30,"column":2},"end":{"line":30,"column":2}},{"start":{"line":30,"column":2},"end":{"line":30,"column":2}}]},"7":{"line":38,"type":"if","locations":[{"start":{"line":38,"column":2},"end":{"line":38,"column":2}},{"start":{"line":38,"column":2},"end":{"line":38,"column":2}}]}},"code":["/**"," * @fileoverview Utility functions for React pragma configuration"," * @author Yannick Croissant"," */","'use strict';","","var JSX_ANNOTATION_REGEX = /^\\*\\s*@jsx\\s+([^\\s]+)/;","// Does not check for reserved keywords or unicode characters","var JS_IDENTIFIER_REGEX = /^[_$a-zA-Z][_$a-zA-Z0-9]*$/;","","","function getCreateClassFromContext(context) {","  var pragma = 'createClass';","  // .eslintrc shared settings (http://eslint.org/docs/user-guide/configuring#adding-shared-settings)","  if (context.settings.react && context.settings.react.createClass) {","    pragma = context.settings.react.createClass;","  }","  if (!JS_IDENTIFIER_REGEX.test(pragma)) {","    throw new Error('createClass pragma ' + pragma + 'is not a valid function name');","  }","  return pragma;","}","","function getFromContext(context) {","  var pragma = 'React';","  // .eslintrc shared settings (http://eslint.org/docs/user-guide/configuring#adding-shared-settings)","  if (context.settings.react && context.settings.react.pragma) {","    pragma = context.settings.react.pragma;","  }","  if (!JS_IDENTIFIER_REGEX.test(pragma)) {","    throw new Error('React pragma ' + pragma + 'is not a valid identifier');","  }","  return pragma;","}","","function getFromNode(node) {","  var matches = JSX_ANNOTATION_REGEX.exec(node.value);","  if (!matches) {","    return false;","  }","  return matches[1].split('.')[0];","}","","module.exports = {","  getCreateClassFromContext: getCreateClassFromContext,","  getFromContext: getFromContext,","  getFromNode: getFromNode","};",""],"l":{"7":1,"9":1,"12":1,"13":0,"15":0,"16":0,"18":0,"19":0,"21":0,"24":1,"25":0,"27":0,"28":0,"30":0,"31":0,"33":0,"36":1,"37":0,"38":0,"39":0,"41":0,"44":1}},"/home/travis/build/npmtest/node-npmtest-eslint-plugin-react/eslint-plugin-react/lib/rules/no-multi-comp.js":{"path":"/home/travis/build/npmtest/node-npmtest-eslint-plugin-react/eslint-plugin-react/lib/rules/no-multi-comp.js","s":{"1":1,"2":1,"3":1,"4":0,"5":0,"6":0,"7":1,"8":0,"9":0,"10":0,"11":0,"12":0,"13":0,"14":0,"15":0,"16":0,"17":0},"b":{"1":[0,0],"2":[0,0],"3":[0,0],"4":[0,0],"5":[0,0],"6":[0,0,0]},"f":{"1":0,"2":0,"3":0},"fnMap":{"1":{"name":"(anonymous_1)","line":34,"loc":{"start":{"line":34,"column":28},"end":{"line":34,"column":58}}},"2":{"name":"isIgnored","line":46,"loc":{"start":{"line":46,"column":4},"end":{"line":46,"column":34}}},"3":{"name":"(anonymous_3)","line":55,"loc":{"start":{"line":55,"column":22},"end":{"line":55,"column":33}}}},"statementMap":{"1":{"start":{"line":7,"column":0},"end":{"line":7,"column":25}},"2":{"start":{"line":8,"column":0},"end":{"line":8,"column":47}},"3":{"start":{"line":14,"column":0},"end":{"line":75,"column":2}},"4":{"start":{"line":36,"column":4},"end":{"line":36,"column":49}},"5":{"start":{"line":37,"column":4},"end":{"line":37,"column":65}},"6":{"start":{"line":39,"column":4},"end":{"line":39,"column":73}},"7":{"start":{"line":46,"column":4},"end":{"line":48,"column":5}},"8":{"start":{"line":47,"column":6},"end":{"line":47,"column":69}},"9":{"start":{"line":54,"column":4},"end":{"line":73,"column":6}},"10":{"start":{"line":56,"column":8},"end":{"line":58,"column":9}},"11":{"start":{"line":57,"column":10},"end":{"line":57,"column":17}},"12":{"start":{"line":60,"column":8},"end":{"line":60,"column":37}},"13":{"start":{"line":61,"column":8},"end":{"line":61,"column":18}},"14":{"start":{"line":63,"column":8},"end":{"line":71,"column":9}},"15":{"start":{"line":64,"column":10},"end":{"line":66,"column":11}},"16":{"start":{"line":65,"column":12},"end":{"line":65,"column":21}},"17":{"start":{"line":67,"column":10},"end":{"line":70,"column":13}}},"branchMap":{"1":{"line":36,"type":"binary-expr","locations":[{"start":{"line":36,"column":24},"end":{"line":36,"column":42}},{"start":{"line":36,"column":46},"end":{"line":36,"column":48}}]},"2":{"line":37,"type":"binary-expr","locations":[{"start":{"line":37,"column":26},"end":{"line":37,"column":55}},{"start":{"line":37,"column":59},"end":{"line":37,"column":64}}]},"3":{"line":47,"type":"binary-expr","locations":[{"start":{"line":47,"column":13},"end":{"line":47,"column":28}},{"start":{"line":47,"column":32},"end":{"line":47,"column":68}}]},"4":{"line":56,"type":"if","locations":[{"start":{"line":56,"column":8},"end":{"line":56,"column":8}},{"start":{"line":56,"column":8},"end":{"line":56,"column":8}}]},"5":{"line":64,"type":"if","locations":[{"start":{"line":64,"column":10},"end":{"line":64,"column":10}},{"start":{"line":64,"column":10},"end":{"line":64,"column":10}}]},"6":{"line":64,"type":"binary-expr","locations":[{"start":{"line":64,"column":14},"end":{"line":64,"column":35}},{"start":{"line":64,"column":39},"end":{"line":64,"column":65}},{"start":{"line":64,"column":69},"end":{"line":64,"column":78}}]}},"code":["/**"," * @fileoverview Prevent multiple component definition per file"," * @author Yannick Croissant"," */","'use strict';","","var has = require('has');","var Components = require('../util/Components');","","// ------------------------------------------------------------------------------","// Rule Definition","// ------------------------------------------------------------------------------","","module.exports = {","  meta: {","    docs: {","      description: 'Prevent multiple component definition per file',","      category: 'Stylistic Issues',","      recommended: false","    },","","    schema: [{","      type: 'object',","      properties: {","        ignoreStateless: {","          default: false,","          type: 'boolean'","        }","      },","      additionalProperties: false","    }]","  },","","  create: Components.detect(function(context, components) {","","    var configuration = context.options[0] || {};","    var ignoreStateless = configuration.ignoreStateless || false;","","    var MULTI_COMP_MESSAGE = 'Declare only one React component per file';","","    /**","     * Checks if the component is ignored","     * @param {Object} component The component being checked.","     * @returns {Boolean} True if the component is ignored, false if not.","     */","    function isIgnored(component) {","      return ignoreStateless && /Function/.test(component.node.type);","    }","","    // --------------------------------------------------------------------------","    // Public","    // --------------------------------------------------------------------------","","    return {","      'Program:exit': function() {","        if (components.length() <= 1) {","          return;","        }","","        var list = components.list();","        var i = 0;","","        for (var component in list) {","          if (!has(list, component) || isIgnored(list[component]) || ++i === 1) {","            continue;","          }","          context.report({","            node: list[component].node,","            message: MULTI_COMP_MESSAGE","          });","        }","      }","    };","  })","};",""],"l":{"7":1,"8":1,"14":1,"36":0,"37":0,"39":0,"46":1,"47":0,"54":0,"56":0,"57":0,"60":0,"61":0,"63":0,"64":0,"65":0,"67":0}},"/home/travis/build/npmtest/node-npmtest-eslint-plugin-react/eslint-plugin-react/lib/util/Components.js":{"path":"/home/travis/build/npmtest/node-npmtest-eslint-plugin-react/eslint-plugin-react/lib/util/Components.js","s":{"1":1,"2":1,"3":1,"4":1,"5":1,"6":1,"7":0,"8":0,"9":0,"10":1,"11":0,"12":0,"13":0,"14":0,"15":0,"16":0,"17":0,"18":0,"19":1,"20":0,"21":0,"22":1,"23":0,"24":0,"25":0,"26":0,"27":0,"28":0,"29":1,"30":0,"31":0,"32":0,"33":0,"34":0,"35":0,"36":0,"37":0,"38":0,"39":0,"40":0,"41":0,"42":0,"43":0,"44":0,"45":0,"46":0,"47":0,"48":0,"49":0,"50":0,"51":0,"52":0,"53":0,"54":1,"55":0,"56":0,"57":0,"58":0,"59":0,"60":0,"61":1,"62":0,"63":0,"64":0,"65":0,"66":0,"67":0,"68":0,"69":0,"70":0,"71":0,"72":0,"73":0,"74":0,"75":0,"76":0,"77":0,"78":0,"79":0,"80":0,"81":0,"82":0,"83":0,"84":0,"85":0,"86":0,"87":0,"88":0,"89":0,"90":0,"91":0,"92":0,"93":0,"94":0,"95":0,"96":0,"97":0,"98":0,"99":0,"100":0,"101":0,"102":0,"103":0,"104":0,"105":0,"106":0,"107":0,"108":0,"109":0,"110":0,"111":0,"112":0,"113":0,"114":0,"115":0,"116":0,"117":0,"118":0,"119":0,"120":0,"121":0,"122":0,"123":0,"124":0,"125":0,"126":0,"127":0,"128":0,"129":0,"130":0,"131":0,"132":0,"133":0,"134":0,"135":0,"136":0,"137":0,"138":0,"139":0,"140":0,"141":0,"142":0,"143":0,"144":0,"145":0,"146":0,"147":0,"148":0,"149":0,"150":0,"151":0,"152":0,"153":0,"154":0,"155":0,"156":0,"157":0,"158":0,"159":0,"160":0,"161":0,"162":0,"163":0,"164":0,"165":0,"166":0,"167":0,"168":0,"169":0,"170":0,"171":0,"172":0,"173":0,"174":0,"175":0,"176":0,"177":0,"178":0,"179":0,"180":0,"181":0,"182":0,"183":0,"184":0,"185":0,"186":0,"187":0,"188":0,"189":0,"190":0,"191":0,"192":0,"193":0,"194":0,"195":0,"196":0,"197":0,"198":0,"199":0,"200":0,"201":0,"202":0,"203":0,"204":0,"205":0,"206":0,"207":0,"208":0,"209":0,"210":0,"211":0,"212":0,"213":0,"214":0,"215":0,"216":0,"217":0,"218":0,"219":0,"220":0,"221":0,"222":0,"223":0,"224":0,"225":0,"226":0,"227":0,"228":0,"229":0,"230":0,"231":0,"232":0,"233":0,"234":0,"235":0,"236":0,"237":0,"238":0,"239":0,"240":0,"241":0,"242":0,"243":0,"244":0,"245":0,"246":0,"247":0,"248":0,"249":0,"250":0,"251":0,"252":0,"253":0,"254":0,"255":0,"256":0,"257":0,"258":0,"259":0,"260":0,"261":0,"262":0,"263":0,"264":0,"265":0,"266":0,"267":0,"268":0,"269":0,"270":1,"271":15,"272":1},"b":{"1":[0,0],"2":[0,0],"3":[0,0],"4":[0,0],"5":[0,0],"6":[0,0],"7":[0,0],"8":[0,0],"9":[0,0],"10":[0,0],"11":[0,0],"12":[0,0],"13":[0,0],"14":[0,0],"15":[0,0],"16":[0,0],"17":[0,0],"18":[0,0],"19":[0,0],"20":[0,0],"21":[0,0],"22":[0,0],"23":[0,0],"24":[0,0],"25":[0,0],"26":[0,0],"27":[0,0],"28":[0,0,0,0,0,0],"29":[0,0,0],"30":[0,0],"31":[0,0],"32":[0,0,0],"33":[0,0],"34":[0,0,0],"35":[0,0,0],"36":[0,0],"37":[0,0],"38":[0,0],"39":[0,0],"40":[0,0,0],"41":[0,0],"42":[0,0,0],"43":[0,0],"44":[0,0,0],"45":[0,0,0],"46":[0,0],"47":[0,0],"48":[0,0],"49":[0,0],"50":[0,0],"51":[0,0],"52":[0,0],"53":[0,0],"54":[0,0],"55":[0,0],"56":[0,0],"57":[0,0],"58":[0,0,0],"59":[0,0],"60":[0,0],"61":[0,0],"62":[0,0],"63":[0,0],"64":[0,0],"65":[0,0],"66":[0,0],"67":[0,0],"68":[0,0],"69":[0,0],"70":[0,0],"71":[0,0],"72":[0,0],"73":[0,0],"74":[0,0,0],"75":[0,0],"76":[0,0],"77":[0,0],"78":[0,0],"79":[0,0],"80":[0,0],"81":[0,0],"82":[0,0],"83":[0,0],"84":[0,0],"85":[0,0],"86":[0,0],"87":[0,0],"88":[0,0,0],"89":[0,0],"90":[0,0],"91":[0,0],"92":[0,0],"93":[0,0,0],"94":[0,0],"95":[0,0],"96":[0,0],"97":[0,0,0],"98":[0,0],"99":[0,0],"100":[0,0],"101":[0,0]},"f":{"1":0,"2":0,"3":0,"4":0,"5":0,"6":0,"7":0,"8":0,"9":0,"10":0,"11":0,"12":0,"13":0,"14":0,"15":0,"16":0,"17":0,"18":0,"19":0,"20":0,"21":0,"22":0,"23":0,"24":0,"25":0,"26":0,"27":0,"28":0,"29":0,"30":0,"31":0,"32":0,"33":0,"34":0,"35":0,"36":15},"fnMap":{"1":{"name":"Components","line":17,"loc":{"start":{"line":17,"column":0},"end":{"line":17,"column":22}}},"2":{"name":"(anonymous_2)","line":19,"loc":{"start":{"line":19,"column":16},"end":{"line":19,"column":31}}},"3":{"name":"(anonymous_3)","line":31,"loc":{"start":{"line":31,"column":27},"end":{"line":31,"column":54}}},"4":{"name":"(anonymous_4)","line":54,"loc":{"start":{"line":54,"column":27},"end":{"line":54,"column":42}}},"5":{"name":"(anonymous_5)","line":65,"loc":{"start":{"line":65,"column":27},"end":{"line":65,"column":49}}},"6":{"name":"(anonymous_6)","line":82,"loc":{"start":{"line":82,"column":28},"end":{"line":82,"column":39}}},"7":{"name":"(anonymous_7)","line":102,"loc":{"start":{"line":102,"column":94},"end":{"line":102,"column":113}}},"8":{"name":"(anonymous_8)","line":127,"loc":{"start":{"line":127,"column":30},"end":{"line":127,"column":41}}},"9":{"name":"componentRule","line":138,"loc":{"start":{"line":138,"column":0},"end":{"line":138,"column":38}}},"10":{"name":"(anonymous_10)","line":154,"loc":{"start":{"line":154,"column":20},"end":{"line":154,"column":35}}},"11":{"name":"(anonymous_11)","line":167,"loc":{"start":{"line":167,"column":20},"end":{"line":167,"column":35}}},"12":{"name":"(anonymous_12)","line":184,"loc":{"start":{"line":184,"column":25},"end":{"line":184,"column":40}}},"13":{"name":"(anonymous_13)","line":196,"loc":{"start":{"line":196,"column":48},"end":{"line":196,"column":62}}},"14":{"name":"(anonymous_14)","line":209,"loc":{"start":{"line":209,"column":21},"end":{"line":209,"column":37}}},"15":{"name":"(anonymous_15)","line":221,"loc":{"start":{"line":221,"column":39},"end":{"line":221,"column":50}}},"16":{"name":"(anonymous_16)","line":239,"loc":{"start":{"line":239,"column":26},"end":{"line":239,"column":41}}},"17":{"name":"(anonymous_17)","line":268,"loc":{"start":{"line":268,"column":20},"end":{"line":268,"column":46}}},"18":{"name":"(anonymous_18)","line":318,"loc":{"start":{"line":318,"column":25},"end":{"line":318,"column":40}}},"19":{"name":"(anonymous_19)","line":336,"loc":{"start":{"line":336,"column":24},"end":{"line":336,"column":35}}},"20":{"name":"(anonymous_20)","line":349,"loc":{"start":{"line":349,"column":27},"end":{"line":349,"column":38}}},"21":{"name":"(anonymous_21)","line":366,"loc":{"start":{"line":366,"column":27},"end":{"line":366,"column":38}}},"22":{"name":"(anonymous_22)","line":383,"loc":{"start":{"line":383,"column":33},"end":{"line":383,"column":44}}},"23":{"name":"(anonymous_23)","line":412,"loc":{"start":{"line":412,"column":25},"end":{"line":412,"column":40}}},"24":{"name":"(anonymous_24)","line":512,"loc":{"start":{"line":512,"column":21},"end":{"line":512,"column":36}}},"25":{"name":"(anonymous_25)","line":519,"loc":{"start":{"line":519,"column":22},"end":{"line":519,"column":37}}},"26":{"name":"(anonymous_26)","line":526,"loc":{"start":{"line":526,"column":19},"end":{"line":526,"column":34}}},"27":{"name":"(anonymous_27)","line":534,"loc":{"start":{"line":534,"column":22},"end":{"line":534,"column":37}}},"28":{"name":"(anonymous_28)","line":541,"loc":{"start":{"line":541,"column":24},"end":{"line":541,"column":39}}},"29":{"name":"(anonymous_29)","line":558,"loc":{"start":{"line":558,"column":25},"end":{"line":558,"column":40}}},"30":{"name":"(anonymous_30)","line":570,"loc":{"start":{"line":570,"column":29},"end":{"line":570,"column":44}}},"31":{"name":"(anonymous_31)","line":591,"loc":{"start":{"line":591,"column":20},"end":{"line":591,"column":35}}},"32":{"name":"(anonymous_32)","line":600,"loc":{"start":{"line":600,"column":18},"end":{"line":600,"column":33}}},"33":{"name":"(anonymous_33)","line":604,"loc":{"start":{"line":604,"column":21},"end":{"line":604,"column":36}}},"34":{"name":"(anonymous_34)","line":621,"loc":{"start":{"line":621,"column":45},"end":{"line":621,"column":67}}},"35":{"name":"(anonymous_35)","line":622,"loc":{"start":{"line":622,"column":43},"end":{"line":622,"column":58}}},"36":{"name":"(anonymous_36)","line":631,"loc":{"start":{"line":631,"column":20},"end":{"line":631,"column":35}}}},"statementMap":{"1":{"start":{"line":7,"column":0},"end":{"line":7,"column":25}},"2":{"start":{"line":8,"column":0},"end":{"line":8,"column":27}},"3":{"start":{"line":9,"column":0},"end":{"line":9,"column":35}},"4":{"start":{"line":10,"column":0},"end":{"line":10,"column":41}},"5":{"start":{"line":11,"column":0},"end":{"line":11,"column":37}},"6":{"start":{"line":17,"column":0},"end":{"line":22,"column":1}},"7":{"start":{"line":18,"column":2},"end":{"line":18,"column":18}},"8":{"start":{"line":19,"column":2},"end":{"line":21,"column":4}},"9":{"start":{"line":20,"column":4},"end":{"line":20,"column":40}},"10":{"start":{"line":31,"column":0},"end":{"line":46,"column":2}},"11":{"start":{"line":32,"column":2},"end":{"line":32,"column":29}},"12":{"start":{"line":33,"column":2},"end":{"line":40,"column":3}},"13":{"start":{"line":34,"column":4},"end":{"line":38,"column":5}},"14":{"start":{"line":35,"column":6},"end":{"line":35,"column":36}},"15":{"start":{"line":37,"column":6},"end":{"line":37,"column":82}},"16":{"start":{"line":39,"column":4},"end":{"line":39,"column":26}},"17":{"start":{"line":41,"column":2},"end":{"line":44,"column":4}},"18":{"start":{"line":45,"column":2},"end":{"line":45,"column":24}},"19":{"start":{"line":54,"column":0},"end":{"line":57,"column":2}},"20":{"start":{"line":55,"column":2},"end":{"line":55,"column":29}},"21":{"start":{"line":56,"column":2},"end":{"line":56,"column":24}},"22":{"start":{"line":65,"column":0},"end":{"line":74,"column":2}},"23":{"start":{"line":66,"column":2},"end":{"line":68,"column":3}},"24":{"start":{"line":67,"column":4},"end":{"line":67,"column":23}},"25":{"start":{"line":69,"column":2},"end":{"line":71,"column":3}},"26":{"start":{"line":70,"column":4},"end":{"line":70,"column":11}},"27":{"start":{"line":72,"column":2},"end":{"line":72,"column":29}},"28":{"start":{"line":73,"column":2},"end":{"line":73,"column":55}},"29":{"start":{"line":82,"column":0},"end":{"line":119,"column":2}},"30":{"start":{"line":83,"column":2},"end":{"line":83,"column":16}},"31":{"start":{"line":84,"column":2},"end":{"line":84,"column":25}},"32":{"start":{"line":86,"col
[...]
,"column":13},"end":{"line":51,"column":29}}},"4":{"name":"(anonymous_4)","line":70,"loc":{"start":{"line":70,"column":15},"end":{"line":70,"column":31}}},"5":{"name":"(anonymous_5)","line":83,"loc":{"start":{"line":83,"column":13},"end":{"line":83,"column":29}}},"6":{"name":"validateBeforeSelfClosing","line":91,"loc":{"start":{"line":91,"column":0},"end":{"line":91,"column":58}}},"7":{"name":"(anonymous_7)","line":109,"loc":{"start":{"line":109,"column":11},"end":{"line":109,"column":27}}},"8":{"name":"(anonymous_8)","line":118,"loc":{"start":{"line":118,"column":11},"end":{"line":118,"column":27}}},"9":{"name":"validateAfterOpening","line":126,"loc":{"start":{"line":126,"column":0},"end":{"line":126,"column":53}}},"10":{"name":"(anonymous_10)","line":151,"loc":{"start":{"line":151,"column":13},"end":{"line":151,"column":29}}},"11":{"name":"(anonymous_11)","line":164,"loc":{"start":{"line":164,"column":11},"end":{"line":164,"column":27}}},"12":{"name":"(anonymous_12)","line":202,"loc":{"start":{"line":202,"column":10},"end":{"line":202,"column":29}}},"13":{"name":"(anonymous_13)","line":215,"loc":{"start":{"line":215,"column":25},"end":{"line":215,"column":41}}},"14":{"name":"(anonymous_14)","line":226,"loc":{"start":{"line":226,"column":25},"end":{"line":226,"column":41}}}},"statementMap":{"1":{"start":{"line":7,"column":0},"end":{"line":7,"column":25}},"2":{"start":{"line":8,"column":0},"end":{"line":8,"column":83}},"3":{"start":{"line":14,"column":0},"end":{"line":89,"column":1}},"4":{"start":{"line":15,"column":2},"end":{"line":15,"column":43}},"5":{"start":{"line":17,"column":2},"end":{"line":17,"column":93}},"6":{"start":{"line":18,"column":2},"end":{"line":18,"column":94}},"7":{"start":{"line":19,"column":2},"end":{"line":19,"column":80}},"8":{"start":{"line":20,"column":2},"end":{"line":20,"column":81}},"9":{"start":{"line":22,"column":2},"end":{"line":22,"column":15}},"10":{"start":{"line":24,"column":2},"end":{"line":88,"column":3}},"11":{"start":{"line":25,"column":4},"end":{"line":25,"column":55}},"12":{"start":{"line":27,"column":4},"end":{"line":27,"column":78}},"13":{"start":{"line":29,"column":4},"end":{"line":55,"column":5}},"14":{"start":{"line":30,"column":6},"end":{"line":42,"column":7}},"15":{"start":{"line":31,"column":8},"end":{"line":41,"column":11}},"16":{"start":{"line":39,"column":12},"end":{"line":39,"column":87}},"17":{"start":{"line":43,"column":11},"end":{"line":55,"column":5}},"18":{"start":{"line":44,"column":6},"end":{"line":54,"column":9}},"19":{"start":{"line":52,"column":10},"end":{"line":52,"column":60}},"20":{"start":{"line":57,"column":4},"end":{"line":57,"column":57}},"21":{"start":{"line":59,"column":4},"end":{"line":59,"column":80}},"22":{"start":{"line":61,"column":4},"end":{"line":87,"column":5}},"23":{"start":{"line":62,"column":6},"end":{"line":74,"column":7}},"24":{"start":{"line":63,"column":8},"end":{"line":73,"column":11}},"25":{"start":{"line":71,"column":12},"end":{"line":71,"column":89}},"26":{"start":{"line":75,"column":11},"end":{"line":87,"column":5}},"27":{"start":{"line":76,"column":6},"end":{"line":86,"column":9}},"28":{"start":{"line":84,"column":10},"end":{"line":84,"column":61}},"29":{"start":{"line":91,"column":0},"end":{"line":124,"column":1}},"30":{"start":{"line":92,"column":2},"end":{"line":92,"column":43}},"31":{"start":{"line":94,"column":2},"end":{"line":94,"column":68}},"32":{"start":{"line":95,"column":2},"end":{"line":95,"column":68}},"33":{"start":{"line":97,"column":2},"end":{"line":97,"column":53}},"34":{"start":{"line":98,"column":2},"end":{"line":98,"column":57}},"35":{"start":{"line":100,"column":2},"end":{"line":102,"column":3}},"36":{"start":{"line":101,"column":4},"end":{"line":101,"column":11}},"37":{"start":{"line":104,"column":2},"end":{"line":123,"column":3}},"38":{"start":{"line":105,"column":4},"end":{"line":112,"column":7}},"39":{"start":{"line":110,"column":8},"end":{"line":110,"column":57}},"40":{"start":{"line":113,"column":9},"end":{"line":123,"column":3}},"41":{"start":{"line":114,"column":4},"end":{"line":122,"column":7}},"42":{"start":{"line":119,"column":8},"end":{"line":119,"column":68}},"43":{"start":{"line":120,"column":8},"end":{"line":120,"column":82}},"44":{"start":{"line":126,"column":0},"end":{"line":169,"column":1}},"45":{"start":{"line":127,"column":2},"end":{"line":127,"column":43}},"46":{"start":{"line":129,"column":2},"end":{"line":129,"column":67}},"47":{"start":{"line":130,"column":2},"end":{"line":130,"column":67}},"48":{"start":{"line":132,"column":2},"end":{"line":132,"column":58}},"49":{"start":{"line":134,"column":2},"end":{"line":138,"column":3}},"50":{"start":{"line":135,"column":4},"end":{"line":137,"column":5}},"51":{"start":{"line":136,"column":6},"end":{"line":136,"column":13}},"52":{"start":{"line":140,"column":2},"end":{"line":140,"column":75}},"53":{"start":{"line":142,"column":2},"end":{"line":168,"column":3}},"54":{"start":{"line":143,"column":4},"end":{"line":155,"column":5}},"55":{"start":{"line":144,"column":6},"end":{"line":154,"column":9}},"56":{"start":{"line":152,"column":10},"end":{"line":152,"column":80}},"57":{"start":{"line":156,"column":9},"end":{"line":168,"column":3}},"58":{"start":{"line":157,"column":4},"end":{"line":167,"column":7}},"59":{"start":{"line":165,"column":8},"end":{"line":165,"column":54}},"60":{"start":{"line":175,"column":0},"end":{"line":236,"column":2}},"61":{"start":{"line":203,"column":4},"end":{"line":207,"column":6}},"62":{"start":{"line":208,"column":4},"end":{"line":212,"column":5}},"63":{"start":{"line":209,"column":6},"end":{"line":211,"column":7}},"64":{"start":{"line":210,"column":8},"end":{"line":210,"column":47}},"65":{"start":{"line":214,"column":4},"end":{"line":234,"column":6}},"66":{"start":{"line":216,"column":8},"end":{"line":218,"column":9}},"67":{"start":{"line":217,"column":10},"end":{"line":217,"column":68}},"68":{"start":{"line":219,"column":8},"end":{"line":221,"column":9}},"69":{"start":{"line":220,"column":10},"end":{"line":220,"column":68}},"70":{"start":{"line":222,"column":8},"end":{"line":224,"column":9}},"71":{"start":{"line":223,"column":10},"end":{"line":223,"column":78}},"72":{"start":{"line":227,"column":8},"end":{"line":229,"column":9}},"73":{"start":{"line":228,"column":10},"end":{"line":228,"column":68}},"74":{"start":{"line":230,"column":8},"end":{"line":232,"column":9}},"75":{"start":{"line":231,"column":10},"end":{"line":231,"column":68}}},"branchMap":{"1":{"line":24,"type":"if","locations":[{"start":{"line":24,"column":2},"end":{"line":24,"column":2}},{"start":{"line":24,"column":2},"end":{"line":24,"column":2}}]},"2":{"line":29,"type":"if","locations":[{"start":{"line":29,"column":4},"end":{"line":29,"column":4}},{"start":{"line":29,"column":4},"end":{"line":29,"column":4}}]},"3":{"line":30,"type":"if","locations":[{"start":{"line":30,"column":6},"end":{"line":30,"column":6}},{"start":{"line":30,"column":6},"end":{"line":30,"column":6}}]},"4":{"line":43,"type":"if","locations":[{"start":{"line":43,"column":11},"end":{"line":43,"column":11}},{"start":{"line":43,"column":11},"end":{"line":43,"column":11}}]},"5":{"line":43,"type":"binary-expr","locations":[{"start":{"line":43,"column":15},"end":{"line":43,"column":34}},{"start":{"line":43,"column":38},"end":{"line":43,"column":46}}]},"6":{"line":61,"type":"if","locations":[{"start":{"line":61,"column":4},"end":{"line":61,"column":4}},{"start":{"line":61,"column":4},"end":{"line":61,"column":4}}]},"7":{"line":62,"type":"if","locations":[{"start":{"line":62,"column":6},"end":{"line":62,"column":6}},{"start":{"line":62,"column":6},"end":{"line":62,"column":6}}]},"8":{"line":75,"type":"if","locations":[{"start":{"line":75,"column":11},"end":{"line":75,"column":11}},{"start":{"line":75,"column":11},"end":{"line":75,"column":11}}]},"9":{"line":75,"type":"binary-expr","locations":[{"start":{"line":75,"column":15},"end":{"line":75,"column":34}},{"start":{"line":75,"column":38},"end":{"line":75,"column":46}}]},"10":{"line":100,"type":"if","locations":[{"start":{"line":100,"column":2},"end":{"line":100,"column":2}},{"start":{"line":100,"column":2},"end":{"line":100,"column":2}}]},"11":{"line":104,"type":"if","locations":[{"start":{"line":104,"column":2},"end":{"line":104,"column":2}},{"start":{"line":104,"column":2},"end":{"line":104,"column":2}}]},"12":{"line":104,"type":"binary-expr","locations":[{"start":{"line":104,"column":6},"end":{"line":104,"column":25}},{"start":{"line":104,"column":29},"end":{"line":104,"column":86}}]},"13":{"line":113,"type":"if","locations":[{"start":{"line":113,"column":9},"end":{"line":113,"column":9}},{"start":{"line":113,"column":9},"end":{"line":113,"column":9}}]},"14":{"line":113,"type":"binary-expr","locations":[{"start":{"line":113,"column":13},"end":{"line":113,"column":31}},{"start":{"line":113,"column":35},"end":{"line":113,"column":91}}]},"15":{"line":134,"type":"if","locations":[{"start":{"line":134,"column":2},"end":{"line":134,"column":2}},{"start":{"line":134,"column":2},"end":{"line":134,"column":2}}]},"16":{"line":135,"type":"if","locations":[{"start":{"line":135,"column":4},"end":{"line":135,"column":4}},{"start":{"line":135,"column":4},"end":{"line":135,"column":4}}]},"17":{"line":142,"type":"if","locations":[{"start":{"line":142,"column":2},"end":{"line":142,"column":2}},{"start":{"line":142,"column":2},"end":{"line":142,"column":2}}]},"18":{"line":142,"type":"binary-expr","locations":[{"start":{"line":142,"column":6},"end":{"line":142,"column":24}},{"start":{"line":142,"column":28},"end":{"line":142,"column":56}}]},"19":{"line":143,"type":"if","locations":[{"start":{"line":143,"column":4},"end":{"line":143,"column":4}},{"start":{"line":143,"column":4},"end":{"line":143,"column":4}}]},"20":{"line":156,"type":"if","locations":[{"start":{"line":156,"column":9},"end":{"line":156,"column":9}},{"start":{"line":156,"column":9},"end":{"line":156,"column":9}}]},"21":{"line":156,"type":"binary-expr","locations":[{"start":{"line":156,"column":13},"end":{"line":156,"column":32}},{"start":{"line":156,"column":36},"end":{"line":156,"column":44}}]},"22":{"line":209,"type":"if","locations":[{"start":{"line":209,"column":6},"end":{"line":209,"column":6}},{"start":{"line":209,"column":6},"end":{"line":209,"column":6}}]},"23":{"line":209,"type":"binary-expr","locations":[{"start":{"line":209,"column":10},"end":{"line":209,"column":27}},{"start":{"line":209,"column":31},"end":{"line":209,"column":65}}]},"24":{"line":209,"type":"binary-expr","locations":[{"start":{"line":209,"column":35},"end":{"line":209,"column":53}},{"start":{"line":209,"column":57},"end":{"line":209,"column":59}}]},"25":{"line":216,"type":"if","locations":[{"start":{"line":216,"column":8},"end":{"line":216,"column":8}},{"start":{"line":216,"column":8},"end":{"line":216,"column":8}}]},"26":{"line":216,"type":"binary-expr","locations":[{"start":{"line":216,"column":12},"end":{"line":216,"column":44}},{"start":{"line":216,"column":48},"end":{"line":216,"column":64}}]},"27":{"line":219,"type":"if","locations":[{"start":{"line":219,"column":8},"end":{"line":219,"column":8}},{"start":{"line":219,"column":8},"end":{"line":219,"column":8}}]},"28":{"line":222,"type":"if","locations":[{"start":{"line":222,"column":8},"end":{"line":222,"column":8}},{"start":{"line":222,"column":8},"end":{"line":222,"column":8}}]},"29":{"line":222,"type":"binary-expr","locations":[{"start":{"line":222,"column":12},"end":{"line":222,"column":49}},{"start":{"line":222,"column":53},"end":{"line":222,"column":69}}]},"30":{"line":227,"type":"if","locations":[{"start":{"line":227,"column":8},"end":{"line":227,"column":8}},{"start":{"line":227,"column":8},"end":{"line":227,"column":8}}]},"31":{"line":230,"type":"if","locations":[{"start":{"line":230,"column":8},"end":{"line":230,"column":8}},{"start":{"line":230,"column":8},"end":{"line":230,"column":8}}]}},"code":["/**"," * @fileoverview Validates whitespace in and around the JSX opening and closing brackets"," * @author Diogo Franco (Kovensky)"," */","'use strict';","","var has = require('has');","var getTokenBeforeClosingBracket = require('../util/getTokenBeforeClosingBracket');","","// ------------------------------------------------------------------------------","// Validators","// ------------------------------------------------------------------------------","","function validateClosingSlash(context, node, option) {","  var sourceCode = context.getSourceCode();","","  var SELF_CLOSING_NEVER_MESSAGE = 'Whitespace is forbidden between `/` and `>`; write `/>`';","  var SELF_CLOSING_ALWAYS_MESSAGE = 'Whitespace is required between `/` and `>`; write `/ >`';","  var NEVER_MESSAGE = 'Whitespace is forbidden between `<` and `/`; write `</`';","  var ALWAYS_MESSAGE = 'Whitespace is required between `<` and `/`; write `< /`';","","  var adjacent;","","  if (node.selfClosing) {","    var lastTokens = sourceCode.getLastTokens(node, 2);","","    adjacent = !sourceCode.isSpaceBetweenTokens(lastTokens[0], lastTokens[1]);","","    if (option === 'never') {","      if (!adjacent) {","        context.report({","          node: node,","          loc: {","            start: lastTokens[0].loc.start,","            end: lastTokens[1].loc.end","          },","          message: SELF_CLOSING_NEVER_MESSAGE,","          fix: function(fixer) {","            return fixer.removeRange([lastTokens[0].range[1], lastTokens[1].range[0]]);","          }","        });","      }","    } else if (option === 'always' && adjacent) {","      context.report({","        node: node,","        loc: {","          start: lastTokens[0].loc.start,","          end: lastTokens[1].loc.end","        },","        message: SELF_CLOSING_ALWAYS_MESSAGE,","        fix: function(fixer) {","          return fixer.insertTextBefore(lastTokens[1], ' ');","        }","      });","    }","  } else {","    var firstTokens = sourceCode.getFirstTokens(node, 2);","","    adjacent = !sourceCode.isSpaceBetweenTokens(firstTokens[0], firstTokens[1]);","","    if (option === 'never') {","      if (!adjacent) {","        context.report({","          node: node,","          loc: {","            start: firstTokens[0].loc.start,","            end: firstTokens[1].loc.end","          },","          message: NEVER_MESSAGE,","          fix: function(fixer) {","            return fixer.removeRange([firstTokens[0].range[1], firstTokens[1].range[0]]);","          }","        });","      }","    } else if (option === 'always' && adjacent) {","      context.report({","        node: node,","        loc: {","          start: firstTokens[0].loc.start,","          end: firstTokens[1].loc.end","        },","        message: ALWAYS_MESSAGE,","        fix: function(fixer) {","          return fixer.insertTextBefore(firstTokens[1], ' ');","        }","      });","    }","  }","}","","function validateBeforeSelfClosing(context, node, option) {","  var sourceCode = context.getSourceCode();","","  var NEVER_MESSAGE = 'A space is forbidden before closing bracket';","  var ALWAYS_MESSAGE = 'A space is required before closing bracket';","","  var leftToken = getTokenBeforeClosingBracket(node);","  var closingSlash = sourceCode.getTokenAfter(leftToken);","","  if (leftToken.loc.end.line !== closingSlash.loc.start.line) {","    return;","  }","","  if (option === 'always' && !sourceCode.isSpaceBetweenTokens(leftToken, closingSlash)) {","    context.report({","      node: node,","      loc: closingSlash.loc.start,","      message: ALWAYS_MESSAGE,","      fix: function(fixer) {","        return fixer.insertTextBefore(closingSlash, ' ');","      }","    });","  } else if (option === 'never' && sourceCode.isSpaceBetweenTokens(leftToken, closingSlash)) {","    context.report({","      node: node,","      loc: closingSlash.loc.start,","      message: NEVER_MESSAGE,","      fix: function(fixer) {","        var previousToken = sourceCode.getTokenBefore(closingSlash);","        return fixer.removeRange([previousToken.range[1], closingSlash.range[0]]);","      }","    });","  }","}","","function validateAfterOpening(context, node, option) {","  var sourceCode = context.getSourceCode();","","  var NEVER_MESSAGE = 'A space is forbidden after opening bracket';","  var ALWAYS_MESSAGE = 'A space is required after opening bracket';","","  var openingToken = sourceCode.getTokenBefore(node.name);","","  if (option === 'allow-multiline') {","    if (openingToken.loc.start.line !== node.name.loc.start.line) {","      return;","    }","  }","","  var adjacent = !sourceCode.isSpaceBetweenTokens(openingToken, node.name);","","  if (option === 'never' || option === 'allow-multiline') {","    if (!adjacent) {","      context.report({","        node: node,","        loc: {","          start: openingToken.loc.start,","          end: node.name.loc.start","        },","        message: NEVER_MESSAGE,","        fix: function(fixer) {","          return fixer.removeRange([openingToken.range[1], node.name.range[0]]);","        }","      });","    }","  } else if (option === 'always' && adjacent) {","    context.report({","      node: node,","      loc: {","        start: openingToken.loc.start,","        end: node.name.loc.start","      },","      message: ALWAYS_MESSAGE,","      fix: function(fixer) {","        return fixer.insertTextBefore(node.name, ' ');","      }","    });","  }","}","","// ------------------------------------------------------------------------------","// Rule Definition","// ------------------------------------------------------------------------------","","module.exports = {","  meta: {","    docs: {},","    fixable: 'whitespace',","    schema: [","      {","        type: 'object',","        properties: {","          closingSlash: {","            enum: ['always', 'never', 'allow']","          },","          beforeSelfClosing: {","            enum: ['always', 'never', 'allow']","          },","          afterOpening: {","            enum: ['always', 'allow-multiline', 'never', 'allow']","          }","        },","        default: {","          closingSlash: 'never',","          beforeSelfClosing: 'always',","          afterOpening: 'never'","        },","        additionalProperties: false","      }","    ]","  },","  create: function (context) {","    var options = {","      closingSlash: 'never',","      beforeSelfClosing: 'always',","      afterOpening: 'never'","    };","    for (var key in options) {","      if (has(options, key) && has(context.options[0] || {}, key)) {","        options[key] = context.options[0][key];","      }","    }","","    return {","      JSXOpeningElement: function (node) {","        if (options.closingSlash !== 'allow' && node.selfClosing) {","          validateClosingSlash(context, node, options.closingSlash);","        }","        if (options.afterOpening !== 'allow') {","          validateAfterOpening(context, node, options.afterOpening);","        }","        if (options.beforeSelfClosing !== 'allow' && node.selfClosing) {","          validateBeforeSelfClosing(context, node, options.beforeSelfClosing);","        }","      },","      JSXClosingElement: function (node) {","        if (options.afterOpening !== 'allow') {","          validateAfterOpening(context, node, options.afterOpening);","        }","        if (options.closingSlash !== 'allow') {","          validateClosingSlash(context, node, options.closingSlash);","        }","      }","    };","  }","};",""],"l":{"7":1,"8":1,"14":1,"15":0,"17":0,"18":0,"19":0,"20":0,"22":0,"24":0,"25":0,"27":0,"29":0,"30":0,"31":0,"39":0,"43":0,"44":0,"52":0,"57":0,"59":0,"61":0,"62":0,"63":0,"71":0,"75":0,"76":0,"84":0,"91":1,"92":0,"94":0,"95":0,"97":0,"98":0,"100":0,"101":0,"104":0,"105":0,"110":0,"113":0,"114":0,"119":0,"120":0,"126":1,"127":0,"129":0,"130":0,"132":0,"134":0,"135":0,"136":0,"140":0,"142":0,"143":0,"144":0,"152":0,"156":0,"157":0,"165":0,"175":1,"203":0,"208":0,"209":0,"210":0,"214":0,"216":0,"217":0,"219":0,"220":0,"222":0,"223":0,"227":0,"228":0,"230":0,"231":0}}}